$ next dev --turbopack
   ▲ Next.js 15.5.6 (Turbopack)
   - Local:        http://localhost:3000
   - Network:      http://169.254.0.21:3000

 ✓ Starting...
Attention: Next.js now collects completely anonymous telemetry regarding usage.
This information is used to shape Next.js' roadmap and prioritize features.
You can learn more, including how to opt-out if you'd not like to participate in this anonymous program, by visiting the following URL:
https://nextjs.org/telemetry

 ✓ Ready in 2.1s
   Reload env: .env
   Reload env: .env
   Reload env: .env
 ○ Compiling / ...
Error: Cannot apply unknown utility class `border-border`. Are you using CSS modules or similar and missing `@reference`? https://tailwindcss.com/docs/functions-and-directives#reference-directive
    [2m[at onInvalidCandidate (/home/code/nelson-gpt/node_modules/tailwindcss/dist/lib.js:21:1314)][0m
    [2m[at Te (/home/code/nelson-gpt/node_modules/tailwindcss/dist/lib.js:16:36364)][0m
    [2m[at /home/code/nelson-gpt/node_modules/tailwindcss/dist/lib.js:21:355][0m
    [2m[at Tr (/home/code/nelson-gpt/node_modules/tailwindcss/dist/lib.js:3:1718)][0m
    [2m[at _ (/home/code/nelson-gpt/node_modules/tailwindcss/dist/lib.js:3:1377)][0m
    [2m[at Se (/home/code/nelson-gpt/node_modules/tailwindcss/dist/lib.js:21:172)][0m
    [2m[at ln (/home/code/nelson-gpt/node_modules/tailwindcss/dist/lib.js:38:294)][0m
    [2m[at process.processTicksAndRejections (node:internal/process/task_queues:105:5)][0m
    [2m[at async sn (/home/code/nelson-gpt/node_modules/tailwindcss/dist/lib.js:38:631)][0m
    [2m[at async Qr (/home/code/nelson-gpt/node_modules/@tailwindcss/node/dist/index.js:10:3385)][0m
 ✓ Compiled / in 8s
 ⨯ ./app/globals.css
Error evaluating Node.js code
CssSyntaxError: tailwindcss: /home/code/nelson-gpt/app/globals.css:1:1: Cannot apply unknown utility class `border-border`. Are you using CSS modules or similar and missing `@reference`? https://tailwindcss.com/docs/functions-and-directives#reference-directive
    [at Input.error (turbopack:///[project]/node_modules/postcss/lib/input.js:135:16)]
    [at Root.error (turbopack:///[project]/node_modules/postcss/lib/node.js:146:32)]
    [at Object.Once (/home/code/nelson-gpt/node_modules/@tailwindcss/postcss/dist/index.js:10:6912)]
    [at process.processTicksAndRejections (node:internal/process/task_queues:105:5)]
    [at async LazyResult.runAsync (turbopack:///[project]/node_modules/postcss/lib/lazy-result.js:293:11)]
    [at async transform (turbopack:///[turbopack-node]/transforms/postcss.ts:70:34)]
    [at async run (turbopack:///[turbopack-node]/ipc/evaluate.ts:92:23)]

Import trace:
  Client Component Browser:
    ./app/globals.css [Client Component Browser]
    ./app/layout.tsx [Server Component]


 ⨯ ./app/globals.css
Error evaluating Node.js code
CssSyntaxError: tailwindcss: /home/code/nelson-gpt/app/globals.css:1:1: Cannot apply unknown utility class `border-border`. Are you using CSS modules or similar and missing `@reference`? https://tailwindcss.com/docs/functions-and-directives#reference-directive
    [at Input.error (turbopack:///[project]/node_modules/postcss/lib/input.js:135:16)]
    [at Root.error (turbopack:///[project]/node_modules/postcss/lib/node.js:146:32)]
    [at Object.Once (/home/code/nelson-gpt/node_modules/@tailwindcss/postcss/dist/index.js:10:6912)]
    [at process.processTicksAndRejections (node:internal/process/task_queues:105:5)]
    [at async LazyResult.runAsync (turbopack:///[project]/node_modules/postcss/lib/lazy-result.js:293:11)]
    [at async transform (turbopack:///[turbopack-node]/transforms/postcss.ts:70:34)]
    [at async run (turbopack:///[turbopack-node]/ipc/evaluate.ts:92:23)]

Import trace:
  Client Component Browser:
    ./app/globals.css [Client Component Browser]
    ./app/layout.tsx [Server Component]


 ○ Compiling /_error ...
 ✓ Compiled /_error in 2.5s
 GET / 500 in 10779ms
 GET / 500 in 10853ms
 ⚠ Cross origin request detected from fluffy-beans-beam.lindy.site to /_next/* resource. In a future major version of Next.js, you will need to explicitly configure "allowedDevOrigins" in next.config to allow this.
Read more: https://nextjs.org/docs/app/api-reference/config/next-config-js/allowedDevOrigins
 ○ Compiling /favicon.ico ...
 ✓ Compiled /favicon.ico in 839ms
 GET /favicon.ico 500 in 870ms
 ⨯ ./app/globals.css
Error evaluating Node.js code
CssSyntaxError: tailwindcss: /home/code/nelson-gpt/app/globals.css:1:1: Cannot apply unknown utility class `border-border`. Are you using CSS modules or similar and missing `@reference`? https://tailwindcss.com/docs/functions-and-directives#reference-directive
    [at Input.error (turbopack:///[project]/node_modules/postcss/lib/input.js:135:16)]
    [at Root.error (turbopack:///[project]/node_modules/postcss/lib/node.js:146:32)]
    [at Object.Once (/home/code/nelson-gpt/node_modules/@tailwindcss/postcss/dist/index.js:10:6912)]
    [at process.processTicksAndRejections (node:internal/process/task_queues:105:5)]
    [at async LazyResult.runAsync (turbopack:///[project]/node_modules/postcss/lib/lazy-result.js:293:11)]
    [at async transform (turbopack:///[turbopack-node]/transforms/postcss.ts:70:34)]
    [at async run (turbopack:///[turbopack-node]/ipc/evaluate.ts:92:23)]

Import trace:
  Client Component Browser:
    ./app/globals.css [Client Component Browser]
    ./app/layout.tsx [Server Component]


 GET / 500 in 88ms
Error: Cannot apply unknown utility class `border-border`. Are you using CSS modules or similar and missing `@reference`? https://tailwindcss.com/docs/functions-and-directives#reference-directive
    [2m[at onInvalidCandidate (/home/code/nelson-gpt/node_modules/tailwindcss/dist/lib.js:21:1314)][0m
    [2m[at Te (/home/code/nelson-gpt/node_modules/tailwindcss/dist/lib.js:16:36364)][0m
    [2m[at /home/code/nelson-gpt/node_modules/tailwindcss/dist/lib.js:21:355][0m
    [2m[at Tr (/home/code/nelson-gpt/node_modules/tailwindcss/dist/lib.js:3:1718)][0m
    [2m[at _ (/home/code/nelson-gpt/node_modules/tailwindcss/dist/lib.js:3:1377)][0m
    [2m[at Se (/home/code/nelson-gpt/node_modules/tailwindcss/dist/lib.js:21:172)][0m
    [2m[at ln (/home/code/nelson-gpt/node_modules/tailwindcss/dist/lib.js:38:294)][0m
    [2m[at process.processTicksAndRejections (node:internal/process/task_queues:105:5)][0m
    [2m[at async sn (/home/code/nelson-gpt/node_modules/tailwindcss/dist/lib.js:38:631)][0m
    [2m[at async Qr (/home/code/nelson-gpt/node_modules/@tailwindcss/node/dist/index.js:10:3385)][0m
 ⨯ ./tailwind.config.ts:61:13
Module not found: Can't resolve 'tailwindcss-animate'
[0m [90m 59 |[39m   	}
 [90m 60 |[39m   }[33m,[39m
[31m[1m>[22m[39m[90m 61 |[39m   plugins[33m:[39m [require([32m"tailwindcss-animate"[39m)][33m,[39m
 [90m    |[39m             [31m[1m^[22m[39m[31m[1m^[22m[39m[31m[1m^[22m[39m[31m[1m^[22m[39m[31m[1m^[22m[39m[31m[1m^[22m[39m[31m[1m^[22m[39m[31m[1m^[22m[39m[31m[1m^[22m[39m[31m[1m^[22m[39m[31m[1m^[22m[39m[31m[1m^[22m[39m[31m[1m^[22m[39m[31m[1m^[22m[39m[31m[1m^[22m[39m[31m[1m^[22m[39m[31m[1m^[22m[39m[31m[1m^[22m[39m[31m[1m^[22m[39m[31m[1m^[22m[39m[31m[1m^[22m[39m[31m[1m^[22m[39m[31m[1m^[22m[39m[31m[1m^[22m[39m[31m[1m^[22m[39m[31m[1m^[22m[39m[31m[1m^[22m[39m[31m[1m^[22m[39m[31m[1m^[22m[39m[31m[1m^[22m[39m
 [90m 62 |[39m }[33m;[39m
 [90m 63 |[39m [36mexport[39m [36mdefault[39m config[33m;[39m
 [90m 64 |[39m[0m



https://nextjs.org/docs/messages/module-not-found


 ⨯ ./app/globals.css
Error evaluating Node.js code
CssSyntaxError: tailwindcss: /home/code/nelson-gpt/app/globals.css:1:1: Cannot apply unknown utility class `border-border`. Are you using CSS modules or similar and missing `@reference`? https://tailwindcss.com/docs/functions-and-directives#reference-directive
    [at Input.error (turbopack:///[project]/node_modules/postcss/lib/input.js:135:16)]
    [at Root.error (turbopack:///[project]/node_modules/postcss/lib/node.js:146:32)]
    [at Object.Once (/home/code/nelson-gpt/node_modules/@tailwindcss/postcss/dist/index.js:10:6912)]
    [at process.processTicksAndRejections (node:internal/process/task_queues:105:5)]
    [at async LazyResult.runAsync (turbopack:///[project]/node_modules/postcss/lib/lazy-result.js:293:11)]
    [at async transform (turbopack:///[turbopack-node]/transforms/postcss.ts:70:34)]
    [at async run (turbopack:///[turbopack-node]/ipc/evaluate.ts:92:23)]

Import trace:
  Client Component Browser:
    ./app/globals.css [Client Component Browser]
    ./app/layout.tsx [Server Component]



./tailwind.config.ts:61:13
Module not found: Can't resolve 'tailwindcss-animate'
[0m [90m 59 |[39m   	}
 [90m 60 |[39m   }[33m,[39m
[31m[1m>[22m[39m[90m 61 |[39m   plugins[33m:[39m [require([32m"tailwindcss-animate"[39m)][33m,[39m
 [90m    |[39m             [31m[1m^[22m[39m[31m[1m^[22m[39m[31m[1m^[22m[39m[31m[1m^[22m[39m[31m[1m^[22m[39m[31m[1m^[22m[39m[31m[1m^[22m[39m[31m[1m^[22m[39m[31m[1m^[22m[39m[31m[1m^[22m[39m[31m[1m^[22m[39m[31m[1m^[22m[39m[31m[1m^[22m[39m[31m[1m^[22m[39m[31m[1m^[22m[39m[31m[1m^[22m[39m[31m[1m^[22m[39m[31m[1m^[22m[39m[31m[1m^[22m[39m[31m[1m^[22m[39m[31m[1m^[22m[39m[31m[1m^[22m[39m[31m[1m^[22m[39m[31m[1m^[22m[39m[31m[1m^[22m[39m[31m[1m^[22m[39m[31m[1m^[22m[39m[31m[1m^[22m[39m[31m[1m^[22m[39m[31m[1m^[22m[39m
 [90m 62 |[39m }[33m;[39m
 [90m 63 |[39m [36mexport[39m [36mdefault[39m config[33m;[39m
 [90m 64 |[39m[0m



https://nextjs.org/docs/messages/module-not-found


 GET / 500 in 54ms
 GET /favicon.ico 500 in 49ms
Error: Cannot apply unknown utility class `border-border`. Are you using CSS modules or similar and missing `@reference`? https://tailwindcss.com/docs/functions-and-directives#reference-directive
    [2m[at onInvalidCandidate (/home/code/nelson-gpt/node_modules/tailwindcss/dist/lib.js:21:1314)][0m
    [2m[at Te (/home/code/nelson-gpt/node_modules/tailwindcss/dist/lib.js:16:36364)][0m
    [2m[at /home/code/nelson-gpt/node_modules/tailwindcss/dist/lib.js:21:355][0m
    [2m[at Tr (/home/code/nelson-gpt/node_modules/tailwindcss/dist/lib.js:3:1718)][0m
    [2m[at _ (/home/code/nelson-gpt/node_modules/tailwindcss/dist/lib.js:3:1377)][0m
    [2m[at Se (/home/code/nelson-gpt/node_modules/tailwindcss/dist/lib.js:21:172)][0m
    [2m[at ln (/home/code/nelson-gpt/node_modules/tailwindcss/dist/lib.js:38:294)][0m
    [2m[at process.processTicksAndRejections (node:internal/process/task_queues:105:5)][0m
    [2m[at async sn (/home/code/nelson-gpt/node_modules/tailwindcss/dist/lib.js:38:631)][0m
    [2m[at async Qr (/home/code/nelson-gpt/node_modules/@tailwindcss/node/dist/index.js:10:3385)][0m
Error: Cannot apply unknown utility class `border-border`. Are you using CSS modules or similar and missing `@reference`? https://tailwindcss.com/docs/functions-and-directives#reference-directive
    [2m[at onInvalidCandidate (/home/code/nelson-gpt/node_modules/tailwindcss/dist/lib.js:21:1314)][0m
    [2m[at Te (/home/code/nelson-gpt/node_modules/tailwindcss/dist/lib.js:16:36364)][0m
    [2m[at /home/code/nelson-gpt/node_modules/tailwindcss/dist/lib.js:21:355][0m
    [2m[at Tr (/home/code/nelson-gpt/node_modules/tailwindcss/dist/lib.js:3:1718)][0m
    [2m[at _ (/home/code/nelson-gpt/node_modules/tailwindcss/dist/lib.js:3:1377)][0m
    [2m[at Se (/home/code/nelson-gpt/node_modules/tailwindcss/dist/lib.js:21:172)][0m
    [2m[at ln (/home/code/nelson-gpt/node_modules/tailwindcss/dist/lib.js:38:294)][0m
    [2m[at process.processTicksAndRejections (node:internal/process/task_queues:105:5)][0m
    [2m[at async sn (/home/code/nelson-gpt/node_modules/tailwindcss/dist/lib.js:38:631)][0m
    [2m[at async Qr (/home/code/nelson-gpt/node_modules/@tailwindcss/node/dist/index.js:10:3385)][0m
 ✓ Compiled in 882ms
 ✓ Compiled / in 20ms
 GET / 200 in 876ms
 GET / 200 in 392ms
 GET /favicon.ico?favicon.bf3c9292.ico 200 in 457ms
 GET / 200 in 177ms
 ⨯ ./components/sections/ChatInterface.tsx:9:1
Module not found: Can't resolve '@/scroll-area'
[0m [90m  7 |[39m [36mimport[39m { [33mTextarea[39m } [36mfrom[39m [32m'@/components/ui/textarea'[39m
 [90m  8 |[39m [36mimport[39m { useChatStore } [36mfrom[39m [32m'@/store/useChatStore'[39m
[31m[1m>[22m[39m[90m  9 |[39m [36mimport[39m { [33mScrollArea[39m } [36mfrom[39m [32m'@/scroll-area'[39m
 [90m    |[39m [31m[1m^[22m[39m[31m[1m^[22m[39m[31m[1m^[22m[39m[31m[1m^[22m[39m[31m[1m^[22m[39m[31m[1m^[22m[39m[31m[1m^[22m[39m[31m[1m^[22m[39m[31m[1m^[22m[39m[31m[1m^[22m[39m[31m[1m^[22m[39m[31m[1m^[22m[39m[31m[1m^[22m[39m[31m[1m^[22m[39m[31m[1m^[22m[39m[31m[1m^[22m[39m[31m[1m^[22m[39m[31m[1m^[22m[39m[31m[1m^[22m[39m[31m[1m^[22m[39m[31m[1m^[22m[39m[31m[1m^[22m[39m[31m[1m^[22m[39m[31m[1m^[22m[39m[31m[1m^[22m[39m[31m[1m^[22m[39m[31m[1m^[22m[39m[31m[1m^[22m[39m[31m[1m^[22m[39m[31m[1m^[22m[39m[31m[1m^[22m[39m[31m[1m^[22m[39m[31m[1m^[22m[39m[31m[1m^[22m[39m[31m[1m^[22m[39m[31m[1m^[22m[39m[31m[1m^[22m[39m[31m[1m^[22m[39m[31m[1m^[22m[39m[31m[1m^[22m[39m[31m[1m^[22m[39m[31m[1m^[22m[39m
 [90m 10 |[39m [36mimport[39m { 
 [90m 11 |[39m   [33mDropdownMenu[39m[33m,[39m 
 [90m 12 |[39m   [33mDropdownMenuContent[39m[33m,[39m [0m

Import map: aliased to relative './scroll-area' inside of [project]/


Import traces:
  Client Component Browser:
    ./components/sections/ChatInterface.tsx [Client Component Browser]
    ./app/page.tsx [Client Component Browser]
    ./app/page.tsx [Server Component]

  Client Component SSR:
    ./components/sections/ChatInterface.tsx [Client Component SSR]
    ./app/page.tsx [Client Component SSR]
    ./app/page.tsx [Server Component]

https://nextjs.org/docs/messages/module-not-found


 ⨯ ./components/sections/ChatInterface.tsx:9:1
Module not found: Can't resolve '@/scroll-area'
[0m [90m  7 |[39m [36mimport[39m { [33mTextarea[39m } [36mfrom[39m [32m'@/components/ui/textarea'[39m
 [90m  8 |[39m [36mimport[39m { useChatStore } [36mfrom[39m [32m'@/store/useChatStore'[39m
[31m[1m>[22m[39m[90m  9 |[39m [36mimport[39m { [33mScrollArea[39m } [36mfrom[39m [32m'@/scroll-area'[39m
 [90m    |[39m [31m[1m^[22m[39m[31m[1m^[22m[39m[31m[1m^[22m[39m[31m[1m^[22m[39m[31m[1m^[22m[39m[31m[1m^[22m[39m[31m[1m^[22m[39m[31m[1m^[22m[39m[31m[1m^[22m[39m[31m[1m^[22m[39m[31m[1m^[22m[39m[31m[1m^[22m[39m[31m[1m^[22m[39m[31m[1m^[22m[39m[31m[1m^[22m[39m[31m[1m^[22m[39m[31m[1m^[22m[39m[31m[1m^[22m[39m[31m[1m^[22m[39m[31m[1m^[22m[39m[31m[1m^[22m[39m[31m[1m^[22m[39m[31m[1m^[22m[39m[31m[1m^[22m[39m[31m[1m^[22m[39m[31m[1m^[22m[39m[31m[1m^[22m[39m[31m[1m^[22m[39m[31m[1m^[22m[39m[31m[1m^[22m[39m[31m[1m^[22m[39m[31m[1m^[22m[39m[31m[1m^[22m[39m[31m[1m^[22m[39m[31m[1m^[22m[39m[31m[1m^[22m[39m[31m[1m^[22m[39m[31m[1m^[22m[39m[31m[1m^[22m[39m[31m[1m^[22m[39m[31m[1m^[22m[39m[31m[1m^[22m[39m
 [90m 10 |[39m [36mimport[39m { 
 [90m 11 |[39m   [33mDropdownMenu[39m[33m,[39m 
 [90m 12 |[39m   [33mDropdownMenuContent[39m[33m,[39m [0m

Import map: aliased to relative './scroll-area' inside of [project]/


Import traces:
  Client Component Browser:
    ./components/sections/ChatInterface.tsx [Client Component Browser]
    ./app/page.tsx [Client Component Browser]
    ./app/page.tsx [Server Component]

  Client Component SSR:
    ./components/sections/ChatInterface.tsx [Client Component SSR]
    ./app/page.tsx [Client Component SSR]
    ./app/page.tsx [Server Component]

https://nextjs.org/docs/messages/module-not-found


 ⨯ ./components/sections/ChatInterface.tsx:9:1
Module not found: Can't resolve '@/scroll-area'
[0m [90m  7 |[39m [36mimport[39m { [33mTextarea[39m } [36mfrom[39m [32m'@/components/ui/textarea'[39m
 [90m  8 |[39m [36mimport[39m { useChatStore } [36mfrom[39m [32m'@/store/useChatStore'[39m
[31m[1m>[22m[39m[90m  9 |[39m [36mimport[39m { [33mScrollArea[39m } [36mfrom[39m [32m'@/scroll-area'[39m
 [90m    |[39m [31m[1m^[22m[39m[31m[1m^[22m[39m[31m[1m^[22m[39m[31m[1m^[22m[39m[31m[1m^[22m[39m[31m[1m^[22m[39m[31m[1m^[22m[39m[31m[1m^[22m[39m[31m[1m^[22m[39m[31m[1m^[22m[39m[31m[1m^[22m[39m[31m[1m^[22m[39m[31m[1m^[22m[39m[31m[1m^[22m[39m[31m[1m^[22m[39m[31m[1m^[22m[39m[31m[1m^[22m[39m[31m[1m^[22m[39m[31m[1m^[22m[39m[31m[1m^[22m[39m[31m[1m^[22m[39m[31m[1m^[22m[39m[31m[1m^[22m[39m[31m[1m^[22m[39m[31m[1m^[22m[39m[31m[1m^[22m[39m[31m[1m^[22m[39m[31m[1m^[22m[39m[31m[1m^[22m[39m[31m[1m^[22m[39m[31m[1m^[22m[39m[31m[1m^[22m[39m[31m[1m^[22m[39m[31m[1m^[22m[39m[31m[1m^[22m[39m[31m[1m^[22m[39m[31m[1m^[22m[39m[31m[1m^[22m[39m[31m[1m^[22m[39m[31m[1m^[22m[39m[31m[1m^[22m[39m[31m[1m^[22m[39m
 [90m 10 |[39m [36mimport[39m { 
 [90m 11 |[39m   [33mDropdownMenu[39m[33m,[39m 
 [90m 12 |[39m   [33mDropdownMenuContent[39m[33m,[39m [0m

Import map: aliased to relative './scroll-area' inside of [project]/


Import traces:
  Client Component Browser:
    ./components/sections/ChatInterface.tsx [Client Component Browser]
    ./app/page.tsx [Client Component Browser]
    ./app/page.tsx [Server Component]

  Client Component SSR:
    ./components/sections/ChatInterface.tsx [Client Component SSR]
    ./app/page.tsx [Client Component SSR]
    ./app/page.tsx [Server Component]

https://nextjs.org/docs/messages/module-not-found


 ⨯ ./components/sections/ChatInterface.tsx:9:1
Module not found: Can't resolve '@/scroll-area'
[0m [90m  7 |[39m [36mimport[39m { [33mTextarea[39m } [36mfrom[39m [32m'@/components/ui/textarea'[39m
 [90m  8 |[39m [36mimport[39m { useChatStore } [36mfrom[39m [32m'@/store/useChatStore'[39m
[31m[1m>[22m[39m[90m  9 |[39m [36mimport[39m { [33mScrollArea[39m } [36mfrom[39m [32m'@/scroll-area'[39m
 [90m    |[39m [31m[1m^[22m[39m[31m[1m^[22m[39m[31m[1m^[22m[39m[31m[1m^[22m[39m[31m[1m^[22m[39m[31m[1m^[22m[39m[31m[1m^[22m[39m[31m[1m^[22m[39m[31m[1m^[22m[39m[31m[1m^[22m[39m[31m[1m^[22m[39m[31m[1m^[22m[39m[31m[1m^[22m[39m[31m[1m^[22m[39m[31m[1m^[22m[39m[31m[1m^[22m[39m[31m[1m^[22m[39m[31m[1m^[22m[39m[31m[1m^[22m[39m[31m[1m^[22m[39m[31m[1m^[22m[39m[31m[1m^[22m[39m[31m[1m^[22m[39m[31m[1m^[22m[39m[31m[1m^[22m[39m[31m[1m^[22m[39m[31m[1m^[22m[39m[31m[1m^[22m[39m[31m[1m^[22m[39m[31m[1m^[22m[39m[31m[1m^[22m[39m[31m[1m^[22m[39m[31m[1m^[22m[39m[31m[1m^[22m[39m[31m[1m^[22m[39m[31m[1m^[22m[39m[31m[1m^[22m[39m[31m[1m^[22m[39m[31m[1m^[22m[39m[31m[1m^[22m[39m[31m[1m^[22m[39m[31m[1m^[22m[39m
 [90m 10 |[39m [36mimport[39m { 
 [90m 11 |[39m   [33mDropdownMenu[39m[33m,[39m 
 [90m 12 |[39m   [33mDropdownMenuContent[39m[33m,[39m [0m

Import map: aliased to relative './scroll-area' inside of [project]/


Import traces:
  Client Component Browser:
    ./components/sections/ChatInterface.tsx [Client Component Browser]
    ./app/page.tsx [Client Component Browser]
    ./app/page.tsx [Server Component]

  Client Component SSR:
    ./components/sections/ChatInterface.tsx [Client Component SSR]
    ./app/page.tsx [Client Component SSR]
    ./app/page.tsx [Server Component]

https://nextjs.org/docs/messages/module-not-found


 ⨯ ./components/sections/ChatInterface.tsx:9:1
Module not found: Can't resolve '@/scroll-area'
[0m [90m  7 |[39m [36mimport[39m { [33mTextarea[39m } [36mfrom[39m [32m'@/components/ui/textarea'[39m
 [90m  8 |[39m [36mimport[39m { useChatStore } [36mfrom[39m [32m'@/store/useChatStore'[39m
[31m[1m>[22m[39m[90m  9 |[39m [36mimport[39m { [33mScrollArea[39m } [36mfrom[39m [32m'@/scroll-area'[39m
 [90m    |[39m [31m[1m^[22m[39m[31m[1m^[22m[39m[31m[1m^[22m[39m[31m[1m^[22m[39m[31m[1m^[22m[39m[31m[1m^[22m[39m[31m[1m^[22m[39m[31m[1m^[22m[39m[31m[1m^[22m[39m[31m[1m^[22m[39m[31m[1m^[22m[39m[31m[1m^[22m[39m[31m[1m^[22m[39m[31m[1m^[22m[39m[31m[1m^[22m[39m[31m[1m^[22m[39m[31m[1m^[22m[39m[31m[1m^[22m[39m[31m[1m^[22m[39m[31m[1m^[22m[39m[31m[1m^[22m[39m[31m[1m^[22m[39m[31m[1m^[22m[39m[31m[1m^[22m[39m[31m[1m^[22m[39m[31m[1m^[22m[39m[31m[1m^[22m[39m[31m[1m^[22m[39m[31m[1m^[22m[39m[31m[1m^[22m[39m[31m[1m^[22m[39m[31m[1m^[22m[39m[31m[1m^[22m[39m[31m[1m^[22m[39m[31m[1m^[22m[39m[31m[1m^[22m[39m[31m[1m^[22m[39m[31m[1m^[22m[39m[31m[1m^[22m[39m[31m[1m^[22m[39m[31m[1m^[22m[39m[31m[1m^[22m[39m
 [90m 10 |[39m [36mimport[39m { 
 [90m 11 |[39m   [33mDropdownMenu[39m[33m,[39m 
 [90m 12 |[39m   [33mDropdownMenuContent[39m[33m,[39m [0m

Import map: aliased to relative './scroll-area' inside of [project]/


Import traces:
  Client Component Browser:
    ./components/sections/ChatInterface.tsx [Client Component Browser]
    ./app/page.tsx [Client Component Browser]
    ./app/page.tsx [Server Component]

  Client Component SSR:
    ./components/sections/ChatInterface.tsx [Client Component SSR]
    ./app/page.tsx [Client Component SSR]
    ./app/page.tsx [Server Component]

https://nextjs.org/docs/messages/module-not-found


 ⨯ ./components/sections/ChatInterface.tsx:9:1
Module not found: Can't resolve '@/scroll-area'
[0m [90m  7 |[39m [36mimport[39m { [33mTextarea[39m } [36mfrom[39m [32m'@/components/ui/textarea'[39m
 [90m  8 |[39m [36mimport[39m { useChatStore } [36mfrom[39m [32m'@/store/useChatStore'[39m
[31m[1m>[22m[39m[90m  9 |[39m [36mimport[39m { [33mScrollArea[39m } [36mfrom[39m [32m'@/scroll-area'[39m
 [90m    |[39m [31m[1m^[22m[39m[31m[1m^[22m[39m[31m[1m^[22m[39m[31m[1m^[22m[39m[31m[1m^[22m[39m[31m[1m^[22m[39m[31m[1m^[22m[39m[31m[1m^[22m[39m[31m[1m^[22m[39m[31m[1m^[22m[39m[31m[1m^[22m[39m[31m[1m^[22m[39m[31m[1m^[22m[39m[31m[1m^[22m[39m[31m[1m^[22m[39m[31m[1m^[22m[39m[31m[1m^[22m[39m[31m[1m^[22m[39m[31m[1m^[22m[39m[31m[1m^[22m[39m[31m[1m^[22m[39m[31m[1m^[22m[39m[31m[1m^[22m[39m[31m[1m^[22m[39m[31m[1m^[22m[39m[31m[1m^[22m[39m[31m[1m^[22m[39m[31m[1m^[22m[39m[31m[1m^[22m[39m[31m[1m^[22m[39m[31m[1m^[22m[39m[31m[1m^[22m[39m[31m[1m^[22m[39m[31m[1m^[22m[39m[31m[1m^[22m[39m[31m[1m^[22m[39m[31m[1m^[22m[39m[31m[1m^[22m[39m[31m[1m^[22m[39m[31m[1m^[22m[39m[31m[1m^[22m[39m[31m[1m^[22m[39m
 [90m 10 |[39m [36mimport[39m { 
 [90m 11 |[39m   [33mDropdownMenu[39m[33m,[39m 
 [90m 12 |[39m   [33mDropdownMenuContent[39m[33m,[39m [0m

Import map: aliased to relative './scroll-area' inside of [project]/


Import traces:
  Client Component Browser:
    ./components/sections/ChatInterface.tsx [Client Component Browser]
    ./app/page.tsx [Client Component Browser]
    ./app/page.tsx [Server Component]

  Client Component SSR:
    ./components/sections/ChatInterface.tsx [Client Component SSR]
    ./app/page.tsx [Client Component SSR]
    ./app/page.tsx [Server Component]

https://nextjs.org/docs/messages/module-not-found


 ⨯ ./components/sections/ChatInterface.tsx:9:1
Module not found: Can't resolve '@/scroll-area'
[0m [90m  7 |[39m [36mimport[39m { [33mTextarea[39m } [36mfrom[39m [32m'@/components/ui/textarea'[39m
 [90m  8 |[39m [36mimport[39m { useChatStore } [36mfrom[39m [32m'@/store/useChatStore'[39m
[31m[1m>[22m[39m[90m  9 |[39m [36mimport[39m { [33mScrollArea[39m } [36mfrom[39m [32m'@/scroll-area'[39m
 [90m    |[39m [31m[1m^[22m[39m[31m[1m^[22m[39m[31m[1m^[22m[39m[31m[1m^[22m[39m[31m[1m^[22m[39m[31m[1m^[22m[39m[31m[1m^[22m[39m[31m[1m^[22m[39m[31m[1m^[22m[39m[31m[1m^[22m[39m[31m[1m^[22m[39m[31m[1m^[22m[39m[31m[1m^[22m[39m[31m[1m^[22m[39m[31m[1m^[22m[39m[31m[1m^[22m[39m[31m[1m^[22m[39m[31m[1m^[22m[39m[31m[1m^[22m[39m[31m[1m^[22m[39m[31m[1m^[22m[39m[31m[1m^[22m[39m[31m[1m^[22m[39m[31m[1m^[22m[39m[31m[1m^[22m[39m[31m[1m^[22m[39m[31m[1m^[22m[39m[31m[1m^[22m[39m[31m[1m^[22m[39m[31m[1m^[22m[39m[31m[1m^[22m[39m[31m[1m^[22m[39m[31m[1m^[22m[39m[31m[1m^[22m[39m[31m[1m^[22m[39m[31m[1m^[22m[39m[31m[1m^[22m[39m[31m[1m^[22m[39m[31m[1m^[22m[39m[31m[1m^[22m[39m[31m[1m^[22m[39m[31m[1m^[22m[39m
 [90m 10 |[39m [36mimport[39m { 
 [90m 11 |[39m   [33mDropdownMenu[39m[33m,[39m 
 [90m 12 |[39m   [33mDropdownMenuContent[39m[33m,[39m [0m

Import map: aliased to relative './scroll-area' inside of [project]/


Import traces:
  Client Component Browser:
    ./components/sections/ChatInterface.tsx [Client Component Browser]
    ./app/page.tsx [Client Component Browser]
    ./app/page.tsx [Server Component]

  Client Component SSR:
    ./components/sections/ChatInterface.tsx [Client Component SSR]
    ./app/page.tsx [Client Component SSR]
    ./app/page.tsx [Server Component]

https://nextjs.org/docs/messages/module-not-found


 ⨯ ./components/sections/ChatInterface.tsx:9:1
Module not found: Can't resolve '@/scroll-area'
[0m [90m  7 |[39m [36mimport[39m { [33mTextarea[39m } [36mfrom[39m [32m'@/components/ui/textarea'[39m
 [90m  8 |[39m [36mimport[39m { useChatStore } [36mfrom[39m [32m'@/store/useChatStore'[39m
[31m[1m>[22m[39m[90m  9 |[39m [36mimport[39m { [33mScrollArea[39m } [36mfrom[39m [32m'@/scroll-area'[39m
 [90m    |[39m [31m[1m^[22m[39m[31m[1m^[22m[39m[31m[1m^[22m[39m[31m[1m^[22m[39m[31m[1m^[22m[39m[31m[1m^[22m[39m[31m[1m^[22m[39m[31m[1m^[22m[39m[31m[1m^[22m[39m[31m[1m^[22m[39m[31m[1m^[22m[39m[31m[1m^[22m[39m[31m[1m^[22m[39m[31m[1m^[22m[39m[31m[1m^[22m[39m[31m[1m^[22m[39m[31m[1m^[22m[39m[31m[1m^[22m[39m[31m[1m^[22m[39m[31m[1m^[22m[39m[31m[1m^[22m[39m[31m[1m^[22m[39m[31m[1m^[22m[39m[31m[1m^[22m[39m[31m[1m^[22m[39m[31m[1m^[22m[39m[31m[1m^[22m[39m[31m[1m^[22m[39m[31m[1m^[22m[39m[31m[1m^[22m[39m[31m[1m^[22m[39m[31m[1m^[22m[39m[31m[1m^[22m[39m[31m[1m^[22m[39m[31m[1m^[22m[39m[31m[1m^[22m[39m[31m[1m^[22m[39m[31m[1m^[22m[39m[31m[1m^[22m[39m[31m[1m^[22m[39m[31m[1m^[22m[39m[31m[1m^[22m[39m
 [90m 10 |[39m [36mimport[39m { 
 [90m 11 |[39m   [33mDropdownMenu[39m[33m,[39m 
 [90m 12 |[39m   [33mDropdownMenuContent[39m[33m,[39m [0m

Import map: aliased to relative './scroll-area' inside of [project]/


Import traces:
  Client Component Browser:
    ./components/sections/ChatInterface.tsx [Client Component Browser]
    ./app/page.tsx [Client Component Browser]
    ./app/page.tsx [Server Component]

  Client Component SSR:
    ./components/sections/ChatInterface.tsx [Client Component SSR]
    ./app/page.tsx [Client Component SSR]
    ./app/page.tsx [Server Component]

https://nextjs.org/docs/messages/module-not-found


 ⨯ ./components/sections/ChatInterface.tsx:9:1
Module not found: Can't resolve '@/scroll-area'
[0m [90m  7 |[39m [36mimport[39m { [33mTextarea[39m } [36mfrom[39m [32m'@/components/ui/textarea'[39m
 [90m  8 |[39m [36mimport[39m { useChatStore } [36mfrom[39m [32m'@/store/useChatStore'[39m
[31m[1m>[22m[39m[90m  9 |[39m [36mimport[39m { [33mScrollArea[39m } [36mfrom[39m [32m'@/scroll-area'[39m
 [90m    |[39m [31m[1m^[22m[39m[31m[1m^[22m[39m[31m[1m^[22m[39m[31m[1m^[22m[39m[31m[1m^[22m[39m[31m[1m^[22m[39m[31m[1m^[22m[39m[31m[1m^[22m[39m[31m[1m^[22m[39m[31m[1m^[22m[39m[31m[1m^[22m[39m[31m[1m^[22m[39m[31m[1m^[22m[39m[31m[1m^[22m[39m[31m[1m^[22m[39m[31m[1m^[22m[39m[31m[1m^[22m[39m[31m[1m^[22m[39m[31m[1m^[22m[39m[31m[1m^[22m[39m[31m[1m^[22m[39m[31m[1m^[22m[39m[31m[1m^[22m[39m[31m[1m^[22m[39m[31m[1m^[22m[39m[31m[1m^[22m[39m[31m[1m^[22m[39m[31m[1m^[22m[39m[31m[1m^[22m[39m[31m[1m^[22m[39m[31m[1m^[22m[39m[31m[1m^[22m[39m[31m[1m^[22m[39m[31m[1m^[22m[39m[31m[1m^[22m[39m[31m[1m^[22m[39m[31m[1m^[22m[39m[31m[1m^[22m[39m[31m[1m^[22m[39m[31m[1m^[22m[39m[31m[1m^[22m[39m[31m[1m^[22m[39m
 [90m 10 |[39m [36mimport[39m { 
 [90m 11 |[39m   [33mDropdownMenu[39m[33m,[39m 
 [90m 12 |[39m   [33mDropdownMenuContent[39m[33m,[39m [0m

Import map: aliased to relative './scroll-area' inside of [project]/


Import traces:
  Client Component Browser:
    ./components/sections/ChatInterface.tsx [Client Component Browser]
    ./app/page.tsx [Client Component Browser]
    ./app/page.tsx [Server Component]

  Client Component SSR:
    ./components/sections/ChatInterface.tsx [Client Component SSR]
    ./app/page.tsx [Client Component SSR]
    ./app/page.tsx [Server Component]

https://nextjs.org/docs/messages/module-not-found


 ⨯ ./components/sections/ChatInterface.tsx:9:1
Module not found: Can't resolve '@/scroll-area'
[0m [90m  7 |[39m [36mimport[39m { [33mTextarea[39m } [36mfrom[39m [32m'@/components/ui/textarea'[39m
 [90m  8 |[39m [36mimport[39m { useChatStore } [36mfrom[39m [32m'@/store/useChatStore'[39m
[31m[1m>[22m[39m[90m  9 |[39m [36mimport[39m { [33mScrollArea[39m } [36mfrom[39m [32m'@/scroll-area'[39m
 [90m    |[39m [31m[1m^[22m[39m[31m[1m^[22m[39m[31m[1m^[22m[39m[31m[1m^[22m[39m[31m[1m^[22m[39m[31m[1m^[22m[39m[31m[1m^[22m[39m[31m[1m^[22m[39m[31m[1m^[22m[39m[31m[1m^[22m[39m[31m[1m^[22m[39m[31m[1m^[22m[39m[31m[1m^[22m[39m[31m[1m^[22m[39m[31m[1m^[22m[39m[31m[1m^[22m[39m[31m[1m^[22m[39m[31m[1m^[22m[39m[31m[1m^[22m[39m[31m[1m^[22m[39m[31m[1m^[22m[39m[31m[1m^[22m[39m[31m[1m^[22m[39m[31m[1m^[22m[39m[31m[1m^[22m[39m[31m[1m^[22m[39m[31m[1m^[22m[39m[31m[1m^[22m[39m[31m[1m^[22m[39m[31m[1m^[22m[39m[31m[1m^[22m[39m[31m[1m^[22m[39m[31m[1m^[22m[39m[31m[1m^[22m[39m[31m[1m^[22m[39m[31m[1m^[22m[39m[31m[1m^[22m[39m[31m[1m^[22m[39m[31m[1m^[22m[39m[31m[1m^[22m[39m[31m[1m^[22m[39m[31m[1m^[22m[39m
 [90m 10 |[39m [36mimport[39m { 
 [90m 11 |[39m   [33mDropdownMenu[39m[33m,[39m 
 [90m 12 |[39m   [33mDropdownMenuContent[39m[33m,[39m [0m

Import map: aliased to relative './scroll-area' inside of [project]/


Import traces:
  Client Component Browser:
    ./components/sections/ChatInterface.tsx [Client Component Browser]
    ./app/page.tsx [Client Component Browser]
    ./app/page.tsx [Server Component]

  Client Component SSR:
    ./components/sections/ChatInterface.tsx [Client Component SSR]
    ./app/page.tsx [Client Component SSR]
    ./app/page.tsx [Server Component]

https://nextjs.org/docs/messages/module-not-found


 ⨯ ./components/sections/ChatInterface.tsx:9:1
Module not found: Can't resolve '@/scroll-area'
[0m [90m  7 |[39m [36mimport[39m { [33mTextarea[39m } [36mfrom[39m [32m'@/components/ui/textarea'[39m
 [90m  8 |[39m [36mimport[39m { useChatStore } [36mfrom[39m [32m'@/store/useChatStore'[39m
[31m[1m>[22m[39m[90m  9 |[39m [36mimport[39m { [33mScrollArea[39m } [36mfrom[39m [32m'@/scroll-area'[39m
 [90m    |[39m [31m[1m^[22m[39m[31m[1m^[22m[39m[31m[1m^[22m[39m[31m[1m^[22m[39m[31m[1m^[22m[39m[31m[1m^[22m[39m[31m[1m^[22m[39m[31m[1m^[22m[39m[31m[1m^[22m[39m[31m[1m^[22m[39m[31m[1m^[22m[39m[31m[1m^[22m[39m[31m[1m^[22m[39m[31m[1m^[22m[39m[31m[1m^[22m[39m[31m[1m^[22m[39m[31m[1m^[22m[39m[31m[1m^[22m[39m[31m[1m^[22m[39m[31m[1m^[22m[39m[31m[1m^[22m[39m[31m[1m^[22m[39m[31m[1m^[22m[39m[31m[1m^[22m[39m[31m[1m^[22m[39m[31m[1m^[22m[39m[31m[1m^[22m[39m[31m[1m^[22m[39m[31m[1m^[22m[39m[31m[1m^[22m[39m[31m[1m^[22m[39m[31m[1m^[22m[39m[31m[1m^[22m[39m[31m[1m^[22m[39m[31m[1m^[22m[39m[31m[1m^[22m[39m[31m[1m^[22m[39m[31m[1m^[22m[39m[31m[1m^[22m[39m[31m[1m^[22m[39m[31m[1m^[22m[39m[31m[1m^[22m[39m
 [90m 10 |[39m [36mimport[39m { 
 [90m 11 |[39m   [33mDropdownMenu[39m[33m,[39m 
 [90m 12 |[39m   [33mDropdownMenuContent[39m[33m,[39m [0m

Import map: aliased to relative './scroll-area' inside of [project]/


Import traces:
  Client Component Browser:
    ./components/sections/ChatInterface.tsx [Client Component Browser]
    ./app/page.tsx [Client Component Browser]
    ./app/page.tsx [Server Component]

  Client Component SSR:
    ./components/sections/ChatInterface.tsx [Client Component SSR]
    ./app/page.tsx [Client Component SSR]
    ./app/page.tsx [Server Component]

https://nextjs.org/docs/messages/module-not-found


 ⨯ ./components/sections/ChatInterface.tsx:9:1
Module not found: Can't resolve '@/scroll-area'
[0m [90m  7 |[39m [36mimport[39m { [33mTextarea[39m } [36mfrom[39m [32m'@/components/ui/textarea'[39m
 [90m  8 |[39m [36mimport[39m { useChatStore } [36mfrom[39m [32m'@/store/useChatStore'[39m
[31m[1m>[22m[39m[90m  9 |[39m [36mimport[39m { [33mScrollArea[39m } [36mfrom[39m [32m'@/scroll-area'[39m
 [90m    |[39m [31m[1m^[22m[39m[31m[1m^[22m[39m[31m[1m^[22m[39m[31m[1m^[22m[39m[31m[1m^[22m[39m[31m[1m^[22m[39m[31m[1m^[22m[39m[31m[1m^[22m[39m[31m[1m^[22m[39m[31m[1m^[22m[39m[31m[1m^[22m[39m[31m[1m^[22m[39m[31m[1m^[22m[39m[31m[1m^[22m[39m[31m[1m^[22m[39m[31m[1m^[22m[39m[31m[1m^[22m[39m[31m[1m^[22m[39m[31m[1m^[22m[39m[31m[1m^[22m[39m[31m[1m^[22m[39m[31m[1m^[22m[39m[31m[1m^[22m[39m[31m[1m^[22m[39m[31m[1m^[22m[39m[31m[1m^[22m[39m[31m[1m^[22m[39m[31m[1m^[22m[39m[31m[1m^[22m[39m[31m[1m^[22m[39m[31m[1m^[22m[39m[31m[1m^[22m[39m[31m[1m^[22m[39m[31m[1m^[22m[39m[31m[1m^[22m[39m[31m[1m^[22m[39m[31m[1m^[22m[39m[31m[1m^[22m[39m[31m[1m^[22m[39m[31m[1m^[22m[39m[31m[1m^[22m[39m[31m[1m^[22m[39m
 [90m 10 |[39m [36mimport[39m { 
 [90m 11 |[39m   [33mDropdownMenu[39m[33m,[39m 
 [90m 12 |[39m   [33mDropdownMenuContent[39m[33m,[39m [0m

Import map: aliased to relative './scroll-area' inside of [project]/


Import traces:
  Client Component Browser:
    ./components/sections/ChatInterface.tsx [Client Component Browser]
    ./app/page.tsx [Client Component Browser]
    ./app/page.tsx [Server Component]

  Client Component SSR:
    ./components/sections/ChatInterface.tsx [Client Component SSR]
    ./app/page.tsx [Client Component SSR]
    ./app/page.tsx [Server Component]

https://nextjs.org/docs/messages/module-not-found


 ⨯ ./components/sections/ChatInterface.tsx:9:1
Module not found: Can't resolve '@/scroll-area'
[0m [90m  7 |[39m [36mimport[39m { [33mTextarea[39m } [36mfrom[39m [32m'@/components/ui/textarea'[39m
 [90m  8 |[39m [36mimport[39m { useChatStore } [36mfrom[39m [32m'@/store/useChatStore'[39m
[31m[1m>[22m[39m[90m  9 |[39m [36mimport[39m { [33mScrollArea[39m } [36mfrom[39m [32m'@/scroll-area'[39m
 [90m    |[39m [31m[1m^[22m[39m[31m[1m^[22m[39m[31m[1m^[22m[39m[31m[1m^[22m[39m[31m[1m^[22m[39m[31m[1m^[22m[39m[31m[1m^[22m[39m[31m[1m^[22m[39m[31m[1m^[22m[39m[31m[1m^[22m[39m[31m[1m^[22m[39m[31m[1m^[22m[39m[31m[1m^[22m[39m[31m[1m^[22m[39m[31m[1m^[22m[39m[31m[1m^[22m[39m[31m[1m^[22m[39m[31m[1m^[22m[39m[31m[1m^[22m[39m[31m[1m^[22m[39m[31m[1m^[22m[39m[31m[1m^[22m[39m[31m[1m^[22m[39m[31m[1m^[22m[39m[31m[1m^[22m[39m[31m[1m^[22m[39m[31m[1m^[22m[39m[31m[1m^[22m[39m[31m[1m^[22m[39m[31m[1m^[22m[39m[31m[1m^[22m[39m[31m[1m^[22m[39m[31m[1m^[22m[39m[31m[1m^[22m[39m[31m[1m^[22m[39m[31m[1m^[22m[39m[31m[1m^[22m[39m[31m[1m^[22m[39m[31m[1m^[22m[39m[31m[1m^[22m[39m[31m[1m^[22m[39m[31m[1m^[22m[39m
 [90m 10 |[39m [36mimport[39m { 
 [90m 11 |[39m   [33mDropdownMenu[39m[33m,[39m 
 [90m 12 |[39m   [33mDropdownMenuContent[39m[33m,[39m [0m

Import map: aliased to relative './scroll-area' inside of [project]/


Import traces:
  Client Component Browser:
    ./components/sections/ChatInterface.tsx [Client Component Browser]
    ./app/page.tsx [Client Component Browser]
    ./app/page.tsx [Server Component]

  Client Component SSR:
    ./components/sections/ChatInterface.tsx [Client Component SSR]
    ./app/page.tsx [Client Component SSR]
    ./app/page.tsx [Server Component]

https://nextjs.org/docs/messages/module-not-found


 ⨯ ./components/sections/ChatInterface.tsx:9:1
Module not found: Can't resolve '@/scroll-area'
[0m [90m  7 |[39m [36mimport[39m { [33mTextarea[39m } [36mfrom[39m [32m'@/components/ui/textarea'[39m
 [90m  8 |[39m [36mimport[39m { useChatStore } [36mfrom[39m [32m'@/store/useChatStore'[39m
[31m[1m>[22m[39m[90m  9 |[39m [36mimport[39m { [33mScrollArea[39m } [36mfrom[39m [32m'@/scroll-area'[39m
 [90m    |[39m [31m[1m^[22m[39m[31m[1m^[22m[39m[31m[1m^[22m[39m[31m[1m^[22m[39m[31m[1m^[22m[39m[31m[1m^[22m[39m[31m[1m^[22m[39m[31m[1m^[22m[39m[31m[1m^[22m[39m[31m[1m^[22m[39m[31m[1m^[22m[39m[31m[1m^[22m[39m[31m[1m^[22m[39m[31m[1m^[22m[39m[31m[1m^[22m[39m[31m[1m^[22m[39m[31m[1m^[22m[39m[31m[1m^[22m[39m[31m[1m^[22m[39m[31m[1m^[22m[39m[31m[1m^[22m[39m[31m[1m^[22m[39m[31m[1m^[22m[39m[31m[1m^[22m[39m[31m[1m^[22m[39m[31m[1m^[22m[39m[31m[1m^[22m[39m[31m[1m^[22m[39m[31m[1m^[22m[39m[31m[1m^[22m[39m[31m[1m^[22m[39m[31m[1m^[22m[39m[31m[1m^[22m[39m[31m[1m^[22m[39m[31m[1m^[22m[39m[31m[1m^[22m[39m[31m[1m^[22m[39m[31m[1m^[22m[39m[31m[1m^[22m[39m[31m[1m^[22m[39m[31m[1m^[22m[39m[31m[1m^[22m[39m
 [90m 10 |[39m [36mimport[39m { 
 [90m 11 |[39m   [33mDropdownMenu[39m[33m,[39m 
 [90m 12 |[39m   [33mDropdownMenuContent[39m[33m,[39m [0m

Import map: aliased to relative './scroll-area' inside of [project]/


Import traces:
  Client Component Browser:
    ./components/sections/ChatInterface.tsx [Client Component Browser]
    ./app/page.tsx [Client Component Browser]
    ./app/page.tsx [Server Component]

  Client Component SSR:
    ./components/sections/ChatInterface.tsx [Client Component SSR]
    ./app/page.tsx [Client Component SSR]
    ./app/page.tsx [Server Component]

https://nextjs.org/docs/messages/module-not-found


 ⨯ ./components/sections/ChatInterface.tsx:9:1
Module not found: Can't resolve '@/scroll-area'
[0m [90m  7 |[39m [36mimport[39m { [33mTextarea[39m } [36mfrom[39m [32m'@/components/ui/textarea'[39m
 [90m  8 |[39m [36mimport[39m { useChatStore } [36mfrom[39m [32m'@/store/useChatStore'[39m
[31m[1m>[22m[39m[90m  9 |[39m [36mimport[39m { [33mScrollArea[39m } [36mfrom[39m [32m'@/scroll-area'[39m
 [90m    |[39m [31m[1m^[22m[39m[31m[1m^[22m[39m[31m[1m^[22m[39m[31m[1m^[22m[39m[31m[1m^[22m[39m[31m[1m^[22m[39m[31m[1m^[22m[39m[31m[1m^[22m[39m[31m[1m^[22m[39m[31m[1m^[22m[39m[31m[1m^[22m[39m[31m[1m^[22m[39m[31m[1m^[22m[39m[31m[1m^[22m[39m[31m[1m^[22m[39m[31m[1m^[22m[39m[31m[1m^[22m[39m[31m[1m^[22m[39m[31m[1m^[22m[39m[31m[1m^[22m[39m[31m[1m^[22m[39m[31m[1m^[22m[39m[31m[1m^[22m[39m[31m[1m^[22m[39m[31m[1m^[22m[39m[31m[1m^[22m[39m[31m[1m^[22m[39m[31m[1m^[22m[39m[31m[1m^[22m[39m[31m[1m^[22m[39m[31m[1m^[22m[39m[31m[1m^[22m[39m[31m[1m^[22m[39m[31m[1m^[22m[39m[31m[1m^[22m[39m[31m[1m^[22m[39m[31m[1m^[22m[39m[31m[1m^[22m[39m[31m[1m^[22m[39m[31m[1m^[22m[39m[31m[1m^[22m[39m[31m[1m^[22m[39m
 [90m 10 |[39m [36mimport[39m { 
 [90m 11 |[39m   [33mDropdownMenu[39m[33m,[39m 
 [90m 12 |[39m   [33mDropdownMenuContent[39m[33m,[39m [0m

Import map: aliased to relative './scroll-area' inside of [project]/


Import traces:
  Client Component Browser:
    ./components/sections/ChatInterface.tsx [Client Component Browser]
    ./app/page.tsx [Client Component Browser]
    ./app/page.tsx [Server Component]

  Client Component SSR:
    ./components/sections/ChatInterface.tsx [Client Component SSR]
    ./app/page.tsx [Client Component SSR]
    ./app/page.tsx [Server Component]

https://nextjs.org/docs/messages/module-not-found


 ⨯ ./components/sections/ChatInterface.tsx:9:1
Module not found: Can't resolve '@/scroll-area'
[0m [90m  7 |[39m [36mimport[39m { [33mTextarea[39m } [36mfrom[39m [32m'@/components/ui/textarea'[39m
 [90m  8 |[39m [36mimport[39m { useChatStore } [36mfrom[39m [32m'@/store/useChatStore'[39m
[31m[1m>[22m[39m[90m  9 |[39m [36mimport[39m { [33mScrollArea[39m } [36mfrom[39m [32m'@/scroll-area'[39m
 [90m    |[39m [31m[1m^[22m[39m[31m[1m^[22m[39m[31m[1m^[22m[39m[31m[1m^[22m[39m[31m[1m^[22m[39m[31m[1m^[22m[39m[31m[1m^[22m[39m[31m[1m^[22m[39m[31m[1m^[22m[39m[31m[1m^[22m[39m[31m[1m^[22m[39m[31m[1m^[22m[39m[31m[1m^[22m[39m[31m[1m^[22m[39m[31m[1m^[22m[39m[31m[1m^[22m[39m[31m[1m^[22m[39m[31m[1m^[22m[39m[31m[1m^[22m[39m[31m[1m^[22m[39m[31m[1m^[22m[39m[31m[1m^[22m[39m[31m[1m^[22m[39m[31m[1m^[22m[39m[31m[1m^[22m[39m[31m[1m^[22m[39m[31m[1m^[22m[39m[31m[1m^[22m[39m[31m[1m^[22m[39m[31m[1m^[22m[39m[31m[1m^[22m[39m[31m[1m^[22m[39m[31m[1m^[22m[39m[31m[1m^[22m[39m[31m[1m^[22m[39m[31m[1m^[22m[39m[31m[1m^[22m[39m[31m[1m^[22m[39m[31m[1m^[22m[39m[31m[1m^[22m[39m[31m[1m^[22m[39m[31m[1m^[22m[39m
 [90m 10 |[39m [36mimport[39m { 
 [90m 11 |[39m   [33mDropdownMenu[39m[33m,[39m 
 [90m 12 |[39m   [33mDropdownMenuContent[39m[33m,[39m [0m

Import map: aliased to relative './scroll-area' inside of [project]/


Import traces:
  Client Component Browser:
    ./components/sections/ChatInterface.tsx [Client Component Browser]
    ./app/page.tsx [Client Component Browser]
    ./app/page.tsx [Server Component]

  Client Component SSR:
    ./components/sections/ChatInterface.tsx [Client Component SSR]
    ./app/page.tsx [Client Component SSR]
    ./app/page.tsx [Server Component]

https://nextjs.org/docs/messages/module-not-found


 ⨯ ./components/sections/ChatInterface.tsx:9:1
Module not found: Can't resolve '@/scroll-area'
[0m [90m  7 |[39m [36mimport[39m { [33mTextarea[39m } [36mfrom[39m [32m'@/components/ui/textarea'[39m
 [90m  8 |[39m [36mimport[39m { useChatStore } [36mfrom[39m [32m'@/store/useChatStore'[39m
[31m[1m>[22m[39m[90m  9 |[39m [36mimport[39m { [33mScrollArea[39m } [36mfrom[39m [32m'@/scroll-area'[39m
 [90m    |[39m [31m[1m^[22m[39m[31m[1m^[22m[39m[31m[1m^[22m[39m[31m[1m^[22m[39m[31m[1m^[22m[39m[31m[1m^[22m[39m[31m[1m^[22m[39m[31m[1m^[22m[39m[31m[1m^[22m[39m[31m[1m^[22m[39m[31m[1m^[22m[39m[31m[1m^[22m[39m[31m[1m^[22m[39m[31m[1m^[22m[39m[31m[1m^[22m[39m[31m[1m^[22m[39m[31m[1m^[22m[39m[31m[1m^[22m[39m[31m[1m^[22m[39m[31m[1m^[22m[39m[31m[1m^[22m[39m[31m[1m^[22m[39m[31m[1m^[22m[39m[31m[1m^[22m[39m[31m[1m^[22m[39m[31m[1m^[22m[39m[31m[1m^[22m[39m[31m[1m^[22m[39m[31m[1m^[22m[39m[31m[1m^[22m[39m[31m[1m^[22m[39m[31m[1m^[22m[39m[31m[1m^[22m[39m[31m[1m^[22m[39m[31m[1m^[22m[39m[31m[1m^[22m[39m[31m[1m^[22m[39m[31m[1m^[22m[39m[31m[1m^[22m[39m[31m[1m^[22m[39m[31m[1m^[22m[39m[31m[1m^[22m[39m
 [90m 10 |[39m [36mimport[39m { 
 [90m 11 |[39m   [33mDropdownMenu[39m[33m,[39m 
 [90m 12 |[39m   [33mDropdownMenuContent[39m[33m,[39m [0m

Import map: aliased to relative './scroll-area' inside of [project]/


Import traces:
  Client Component Browser:
    ./components/sections/ChatInterface.tsx [Client Component Browser]
    ./app/page.tsx [Client Component Browser]
    ./app/page.tsx [Server Component]

  Client Component SSR:
    ./components/sections/ChatInterface.tsx [Client Component SSR]
    ./app/page.tsx [Client Component SSR]
    ./app/page.tsx [Server Component]

https://nextjs.org/docs/messages/module-not-found


 ⨯ ./components/sections/ChatInterface.tsx:9:1
Module not found: Can't resolve '@/scroll-area'
[0m [90m  7 |[39m [36mimport[39m { [33mTextarea[39m } [36mfrom[39m [32m'@/components/ui/textarea'[39m
 [90m  8 |[39m [36mimport[39m { useChatStore } [36mfrom[39m [32m'@/store/useChatStore'[39m
[31m[1m>[22m[39m[90m  9 |[39m [36mimport[39m { [33mScrollArea[39m } [36mfrom[39m [32m'@/scroll-area'[39m
 [90m    |[39m [31m[1m^[22m[39m[31m[1m^[22m[39m[31m[1m^[22m[39m[31m[1m^[22m[39m[31m[1m^[22m[39m[31m[1m^[22m[39m[31m[1m^[22m[39m[31m[1m^[22m[39m[31m[1m^[22m[39m[31m[1m^[22m[39m[31m[1m^[22m[39m[31m[1m^[22m[39m[31m[1m^[22m[39m[31m[1m^[22m[39m[31m[1m^[22m[39m[31m[1m^[22m[39m[31m[1m^[22m[39m[31m[1m^[22m[39m[31m[1m^[22m[39m[31m[1m^[22m[39m[31m[1m^[22m[39m[31m[1m^[22m[39m[31m[1m^[22m[39m[31m[1m^[22m[39m[31m[1m^[22m[39m[31m[1m^[22m[39m[31m[1m^[22m[39m[31m[1m^[22m[39m[31m[1m^[22m[39m[31m[1m^[22m[39m[31m[1m^[22m[39m[31m[1m^[22m[39m[31m[1m^[22m[39m[31m[1m^[22m[39m[31m[1m^[22m[39m[31m[1m^[22m[39m[31m[1m^[22m[39m[31m[1m^[22m[39m[31m[1m^[22m[39m[31m[1m^[22m[39m[31m[1m^[22m[39m[31m[1m^[22m[39m
 [90m 10 |[39m [36mimport[39m { 
 [90m 11 |[39m   [33mDropdownMenu[39m[33m,[39m 
 [90m 12 |[39m   [33mDropdownMenuContent[39m[33m,[39m [0m

Import map: aliased to relative './scroll-area' inside of [project]/


Import traces:
  Client Component Browser:
    ./components/sections/ChatInterface.tsx [Client Component Browser]
    ./app/page.tsx [Client Component Browser]
    ./app/page.tsx [Server Component]

  Client Component SSR:
    ./components/sections/ChatInterface.tsx [Client Component SSR]
    ./app/page.tsx [Client Component SSR]
    ./app/page.tsx [Server Component]

https://nextjs.org/docs/messages/module-not-found


 ⨯ ./components/sections/ChatInterface.tsx:9:1
Module not found: Can't resolve '@/scroll-area'
[0m [90m  7 |[39m [36mimport[39m { [33mTextarea[39m } [36mfrom[39m [32m'@/components/ui/textarea'[39m
 [90m  8 |[39m [36mimport[39m { useChatStore } [36mfrom[39m [32m'@/store/useChatStore'[39m
[31m[1m>[22m[39m[90m  9 |[39m [36mimport[39m { [33mScrollArea[39m } [36mfrom[39m [32m'@/scroll-area'[39m
 [90m    |[39m [31m[1m^[22m[39m[31m[1m^[22m[39m[31m[1m^[22m[39m[31m[1m^[22m[39m[31m[1m^[22m[39m[31m[1m^[22m[39m[31m[1m^[22m[39m[31m[1m^[22m[39m[31m[1m^[22m[39m[31m[1m^[22m[39m[31m[1m^[22m[39m[31m[1m^[22m[39m[31m[1m^[22m[39m[31m[1m^[22m[39m[31m[1m^[22m[39m[31m[1m^[22m[39m[31m[1m^[22m[39m[31m[1m^[22m[39m[31m[1m^[22m[39m[31m[1m^[22m[39m[31m[1m^[22m[39m[31m[1m^[22m[39m[31m[1m^[22m[39m[31m[1m^[22m[39m[31m[1m^[22m[39m[31m[1m^[22m[39m[31m[1m^[22m[39m[31m[1m^[22m[39m[31m[1m^[22m[39m[31m[1m^[22m[39m[31m[1m^[22m[39m[31m[1m^[22m[39m[31m[1m^[22m[39m[31m[1m^[22m[39m[31m[1m^[22m[39m[31m[1m^[22m[39m[31m[1m^[22m[39m[31m[1m^[22m[39m[31m[1m^[22m[39m[31m[1m^[22m[39m[31m[1m^[22m[39m[31m[1m^[22m[39m
 [90m 10 |[39m [36mimport[39m { 
 [90m 11 |[39m   [33mDropdownMenu[39m[33m,[39m 
 [90m 12 |[39m   [33mDropdownMenuContent[39m[33m,[39m [0m

Import map: aliased to relative './scroll-area' inside of [project]/


Import traces:
  Client Component Browser:
    ./components/sections/ChatInterface.tsx [Client Component Browser]
    ./app/page.tsx [Client Component Browser]
    ./app/page.tsx [Server Component]

  Client Component SSR:
    ./components/sections/ChatInterface.tsx [Client Component SSR]
    ./app/page.tsx [Client Component SSR]
    ./app/page.tsx [Server Component]

https://nextjs.org/docs/messages/module-not-found


 ⨯ ./components/sections/ChatInterface.tsx:9:1
Module not found: Can't resolve '@/scroll-area'
[0m [90m  7 |[39m [36mimport[39m { [33mTextarea[39m } [36mfrom[39m [32m'@/components/ui/textarea'[39m
 [90m  8 |[39m [36mimport[39m { useChatStore } [36mfrom[39m [32m'@/store/useChatStore'[39m
[31m[1m>[22m[39m[90m  9 |[39m [36mimport[39m { [33mScrollArea[39m } [36mfrom[39m [32m'@/scroll-area'[39m
 [90m    |[39m [31m[1m^[22m[39m[31m[1m^[22m[39m[31m[1m^[22m[39m[31m[1m^[22m[39m[31m[1m^[22m[39m[31m[1m^[22m[39m[31m[1m^[22m[39m[31m[1m^[22m[39m[31m[1m^[22m[39m[31m[1m^[22m[39m[31m[1m^[22m[39m[31m[1m^[22m[39m[31m[1m^[22m[39m[31m[1m^[22m[39m[31m[1m^[22m[39m[31m[1m^[22m[39m[31m[1m^[22m[39m[31m[1m^[22m[39m[31m[1m^[22m[39m[31m[1m^[22m[39m[31m[1m^[22m[39m[31m[1m^[22m[39m[31m[1m^[22m[39m[31m[1m^[22m[39m[31m[1m^[22m[39m[31m[1m^[22m[39m[31m[1m^[22m[39m[31m[1m^[22m[39m[31m[1m^[22m[39m[31m[1m^[22m[39m[31m[1m^[22m[39m[31m[1m^[22m[39m[31m[1m^[22m[39m[31m[1m^[22m[39m[31m[1m^[22m[39m[31m[1m^[22m[39m[31m[1m^[22m[39m[31m[1m^[22m[39m[31m[1m^[22m[39m[31m[1m^[22m[39m[31m[1m^[22m[39m[31m[1m^[22m[39m
 [90m 10 |[39m [36mimport[39m { 
 [90m 11 |[39m   [33mDropdownMenu[39m[33m,[39m 
 [90m 12 |[39m   [33mDropdownMenuContent[39m[33m,[39m [0m

Import map: aliased to relative './scroll-area' inside of [project]/


Import traces:
  Client Component Browser:
    ./components/sections/ChatInterface.tsx [Client Component Browser]
    ./app/page.tsx [Client Component Browser]
    ./app/page.tsx [Server Component]

  Client Component SSR:
    ./components/sections/ChatInterface.tsx [Client Component SSR]
    ./app/page.tsx [Client Component SSR]
    ./app/page.tsx [Server Component]

https://nextjs.org/docs/messages/module-not-found


 ⨯ ./components/sections/ChatInterface.tsx:9:1
Module not found: Can't resolve '@/scroll-area'
[0m [90m  7 |[39m [36mimport[39m { [33mTextarea[39m } [36mfrom[39m [32m'@/components/ui/textarea'[39m
 [90m  8 |[39m [36mimport[39m { useChatStore } [36mfrom[39m [32m'@/store/useChatStore'[39m
[31m[1m>[22m[39m[90m  9 |[39m [36mimport[39m { [33mScrollArea[39m } [36mfrom[39m [32m'@/scroll-area'[39m
 [90m    |[39m [31m[1m^[22m[39m[31m[1m^[22m[39m[31m[1m^[22m[39m[31m[1m^[22m[39m[31m[1m^[22m[39m[31m[1m^[22m[39m[31m[1m^[22m[39m[31m[1m^[22m[39m[31m[1m^[22m[39m[31m[1m^[22m[39m[31m[1m^[22m[39m[31m[1m^[22m[39m[31m[1m^[22m[39m[31m[1m^[22m[39m[31m[1m^[22m[39m[31m[1m^[22m[39m[31m[1m^[22m[39m[31m[1m^[22m[39m[31m[1m^[22m[39m[31m[1m^[22m[39m[31m[1m^[22m[39m[31m[1m^[22m[39m[31m[1m^[22m[39m[31m[1m^[22m[39m[31m[1m^[22m[39m[31m[1m^[22m[39m[31m[1m^[22m[39m[31m[1m^[22m[39m[31m[1m^[22m[39m[31m[1m^[22m[39m[31m[1m^[22m[39m[31m[1m^[22m[39m[31m[1m^[22m[39m[31m[1m^[22m[39m[31m[1m^[22m[39m[31m[1m^[22m[39m[31m[1m^[22m[39m[31m[1m^[22m[39m[31m[1m^[22m[39m[31m[1m^[22m[39m[31m[1m^[22m[39m[31m[1m^[22m[39m
 [90m 10 |[39m [36mimport[39m { 
 [90m 11 |[39m   [33mDropdownMenu[39m[33m,[39m 
 [90m 12 |[39m   [33mDropdownMenuContent[39m[33m,[39m [0m

Import map: aliased to relative './scroll-area' inside of [project]/


Import traces:
  Client Component Browser:
    ./components/sections/ChatInterface.tsx [Client Component Browser]
    ./app/page.tsx [Client Component Browser]
    ./app/page.tsx [Server Component]

  Client Component SSR:
    ./components/sections/ChatInterface.tsx [Client Component SSR]
    ./app/page.tsx [Client Component SSR]
    ./app/page.tsx [Server Component]

https://nextjs.org/docs/messages/module-not-found


 ⨯ ./components/sections/ChatInterface.tsx:9:1
Module not found: Can't resolve '@/scroll-area'
[0m [90m  7 |[39m [36mimport[39m { [33mTextarea[39m } [36mfrom[39m [32m'@/components/ui/textarea'[39m
 [90m  8 |[39m [36mimport[39m { useChatStore } [36mfrom[39m [32m'@/store/useChatStore'[39m
[31m[1m>[22m[39m[90m  9 |[39m [36mimport[39m { [33mScrollArea[39m } [36mfrom[39m [32m'@/scroll-area'[39m
 [90m    |[39m [31m[1m^[22m[39m[31m[1m^[22m[39m[31m[1m^[22m[39m[31m[1m^[22m[39m[31m[1m^[22m[39m[31m[1m^[22m[39m[31m[1m^[22m[39m[31m[1m^[22m[39m[31m[1m^[22m[39m[31m[1m^[22m[39m[31m[1m^[22m[39m[31m[1m^[22m[39m[31m[1m^[22m[39m[31m[1m^[22m[39m[31m[1m^[22m[39m[31m[1m^[22m[39m[31m[1m^[22m[39m[31m[1m^[22m[39m[31m[1m^[22m[39m[31m[1m^[22m[39m[31m[1m^[22m[39m[31m[1m^[22m[39m[31m[1m^[22m[39m[31m[1m^[22m[39m[31m[1m^[22m[39m[31m[1m^[22m[39m[31m[1m^[22m[39m[31m[1m^[22m[39m[31m[1m^[22m[39m[31m[1m^[22m[39m[31m[1m^[22m[39m[31m[1m^[22m[39m[31m[1m^[22m[39m[31m[1m^[22m[39m[31m[1m^[22m[39m[31m[1m^[22m[39m[31m[1m^[22m[39m[31m[1m^[22m[39m[31m[1m^[22m[39m[31m[1m^[22m[39m[31m[1m^[22m[39m[31m[1m^[22m[39m
 [90m 10 |[39m [36mimport[39m { 
 [90m 11 |[39m   [33mDropdownMenu[39m[33m,[39m 
 [90m 12 |[39m   [33mDropdownMenuContent[39m[33m,[39m [0m

Import map: aliased to relative './scroll-area' inside of [project]/


Import traces:
  Client Component Browser:
    ./components/sections/ChatInterface.tsx [Client Component Browser]
    ./app/page.tsx [Client Component Browser]
    ./app/page.tsx [Server Component]

  Client Component SSR:
    ./components/sections/ChatInterface.tsx [Client Component SSR]
    ./app/page.tsx [Client Component SSR]
    ./app/page.tsx [Server Component]

https://nextjs.org/docs/messages/module-not-found


 ⨯ ./components/sections/ChatInterface.tsx:9:1
Module not found: Can't resolve '@/scroll-area'
[0m [90m  7 |[39m [36mimport[39m { [33mTextarea[39m } [36mfrom[39m [32m'@/components/ui/textarea'[39m
 [90m  8 |[39m [36mimport[39m { useChatStore } [36mfrom[39m [32m'@/store/useChatStore'[39m
[31m[1m>[22m[39m[90m  9 |[39m [36mimport[39m { [33mScrollArea[39m } [36mfrom[39m [32m'@/scroll-area'[39m
 [90m    |[39m [31m[1m^[22m[39m[31m[1m^[22m[39m[31m[1m^[22m[39m[31m[1m^[22m[39m[31m[1m^[22m[39m[31m[1m^[22m[39m[31m[1m^[22m[39m[31m[1m^[22m[39m[31m[1m^[22m[39m[31m[1m^[22m[39m[31m[1m^[22m[39m[31m[1m^[22m[39m[31m[1m^[22m[39m[31m[1m^[22m[39m[31m[1m^[22m[39m[31m[1m^[22m[39m[31m[1m^[22m[39m[31m[1m^[22m[39m[31m[1m^[22m[39m[31m[1m^[22m[39m[31m[1m^[22m[39m[31m[1m^[22m[39m[31m[1m^[22m[39m[31m[1m^[22m[39m[31m[1m^[22m[39m[31m[1m^[22m[39m[31m[1m^[22m[39m[31m[1m^[22m[39m[31m[1m^[22m[39m[31m[1m^[22m[39m[31m[1m^[22m[39m[31m[1m^[22m[39m[31m[1m^[22m[39m[31m[1m^[22m[39m[31m[1m^[22m[39m[31m[1m^[22m[39m[31m[1m^[22m[39m[31m[1m^[22m[39m[31m[1m^[22m[39m[31m[1m^[22m[39m[31m[1m^[22m[39m[31m[1m^[22m[39m
 [90m 10 |[39m [36mimport[39m { 
 [90m 11 |[39m   [33mDropdownMenu[39m[33m,[39m 
 [90m 12 |[39m   [33mDropdownMenuContent[39m[33m,[39m [0m

Import map: aliased to relative './scroll-area' inside of [project]/


Import traces:
  Client Component Browser:
    ./components/sections/ChatInterface.tsx [Client Component Browser]
    ./app/page.tsx [Client Component Browser]
    ./app/page.tsx [Server Component]

  Client Component SSR:
    ./components/sections/ChatInterface.tsx [Client Component SSR]
    ./app/page.tsx [Client Component SSR]
    ./app/page.tsx [Server Component]

https://nextjs.org/docs/messages/module-not-found


 ⨯ ./components/sections/ChatInterface.tsx:9:1
Module not found: Can't resolve '@/scroll-area'
[0m [90m  7 |[39m [36mimport[39m { [33mTextarea[39m } [36mfrom[39m [32m'@/components/ui/textarea'[39m
 [90m  8 |[39m [36mimport[39m { useChatStore } [36mfrom[39m [32m'@/store/useChatStore'[39m
[31m[1m>[22m[39m[90m  9 |[39m [36mimport[39m { [33mScrollArea[39m } [36mfrom[39m [32m'@/scroll-area'[39m
 [90m    |[39m [31m[1m^[22m[39m[31m[1m^[22m[39m[31m[1m^[22m[39m[31m[1m^[22m[39m[31m[1m^[22m[39m[31m[1m^[22m[39m[31m[1m^[22m[39m[31m[1m^[22m[39m[31m[1m^[22m[39m[31m[1m^[22m[39m[31m[1m^[22m[39m[31m[1m^[22m[39m[31m[1m^[22m[39m[31m[1m^[22m[39m[31m[1m^[22m[39m[31m[1m^[22m[39m[31m[1m^[22m[39m[31m[1m^[22m[39m[31m[1m^[22m[39m[31m[1m^[22m[39m[31m[1m^[22m[39m[31m[1m^[22m[39m[31m[1m^[22m[39m[31m[1m^[22m[39m[31m[1m^[22m[39m[31m[1m^[22m[39m[31m[1m^[22m[39m[31m[1m^[22m[39m[31m[1m^[22m[39m[31m[1m^[22m[39m[31m[1m^[22m[39m[31m[1m^[22m[39m[31m[1m^[22m[39m[31m[1m^[22m[39m[31m[1m^[22m[39m[31m[1m^[22m[39m[31m[1m^[22m[39m[31m[1m^[22m[39m[31m[1m^[22m[39m[31m[1m^[22m[39m[31m[1m^[22m[39m[31m[1m^[22m[39m
 [90m 10 |[39m [36mimport[39m { 
 [90m 11 |[39m   [33mDropdownMenu[39m[33m,[39m 
 [90m 12 |[39m   [33mDropdownMenuContent[39m[33m,[39m [0m

Import map: aliased to relative './scroll-area' inside of [project]/


Import traces:
  Client Component Browser:
    ./components/sections/ChatInterface.tsx [Client Component Browser]
    ./app/page.tsx [Client Component Browser]
    ./app/page.tsx [Server Component]

  Client Component SSR:
    ./components/sections/ChatInterface.tsx [Client Component SSR]
    ./app/page.tsx [Client Component SSR]
    ./app/page.tsx [Server Component]

https://nextjs.org/docs/messages/module-not-found


 ⨯ ./components/sections/ChatInterface.tsx:9:1
Module not found: Can't resolve '@/scroll-area'
[0m [90m  7 |[39m [36mimport[39m { [33mTextarea[39m } [36mfrom[39m [32m'@/components/ui/textarea'[39m
 [90m  8 |[39m [36mimport[39m { useChatStore } [36mfrom[39m [32m'@/store/useChatStore'[39m
[31m[1m>[22m[39m[90m  9 |[39m [36mimport[39m { [33mScrollArea[39m } [36mfrom[39m [32m'@/scroll-area'[39m
 [90m    |[39m [31m[1m^[22m[39m[31m[1m^[22m[39m[31m[1m^[22m[39m[31m[1m^[22m[39m[31m[1m^[22m[39m[31m[1m^[22m[39m[31m[1m^[22m[39m[31m[1m^[22m[39m[31m[1m^[22m[39m[31m[1m^[22m[39m[31m[1m^[22m[39m[31m[1m^[22m[39m[31m[1m^[22m[39m[31m[1m^[22m[39m[31m[1m^[22m[39m[31m[1m^[22m[39m[31m[1m^[22m[39m[31m[1m^[22m[39m[31m[1m^[22m[39m[31m[1m^[22m[39m[31m[1m^[22m[39m[31m[1m^[22m[39m[31m[1m^[22m[39m[31m[1m^[22m[39m[31m[1m^[22m[39m[31m[1m^[22m[39m[31m[1m^[22m[39m[31m[1m^[22m[39m[31m[1m^[22m[39m[31m[1m^[22m[39m[31m[1m^[22m[39m[31m[1m^[22m[39m[31m[1m^[22m[39m[31m[1m^[22m[39m[31m[1m^[22m[39m[31m[1m^[22m[39m[31m[1m^[22m[39m[31m[1m^[22m[39m[31m[1m^[22m[39m[31m[1m^[22m[39m[31m[1m^[22m[39m[31m[1m^[22m[39m
 [90m 10 |[39m [36mimport[39m { 
 [90m 11 |[39m   [33mDropdownMenu[39m[33m,[39m 
 [90m 12 |[39m   [33mDropdownMenuContent[39m[33m,[39m [0m

Import map: aliased to relative './scroll-area' inside of [project]/


Import traces:
  Client Component Browser:
    ./components/sections/ChatInterface.tsx [Client Component Browser]
    ./app/page.tsx [Client Component Browser]
    ./app/page.tsx [Server Component]

  Client Component SSR:
    ./components/sections/ChatInterface.tsx [Client Component SSR]
    ./app/page.tsx [Client Component SSR]
    ./app/page.tsx [Server Component]

https://nextjs.org/docs/messages/module-not-found


 ⨯ ./components/sections/ChatInterface.tsx:9:1
Module not found: Can't resolve '@/scroll-area'
[0m [90m  7 |[39m [36mimport[39m { [33mTextarea[39m } [36mfrom[39m [32m'@/components/ui/textarea'[39m
 [90m  8 |[39m [36mimport[39m { useChatStore } [36mfrom[39m [32m'@/store/useChatStore'[39m
[31m[1m>[22m[39m[90m  9 |[39m [36mimport[39m { [33mScrollArea[39m } [36mfrom[39m [32m'@/scroll-area'[39m
 [90m    |[39m [31m[1m^[22m[39m[31m[1m^[22m[39m[31m[1m^[22m[39m[31m[1m^[22m[39m[31m[1m^[22m[39m[31m[1m^[22m[39m[31m[1m^[22m[39m[31m[1m^[22m[39m[31m[1m^[22m[39m[31m[1m^[22m[39m[31m[1m^[22m[39m[31m[1m^[22m[39m[31m[1m^[22m[39m[31m[1m^[22m[39m[31m[1m^[22m[39m[31m[1m^[22m[39m[31m[1m^[22m[39m[31m[1m^[22m[39m[31m[1m^[22m[39m[31m[1m^[22m[39m[31m[1m^[22m[39m[31m[1m^[22m[39m[31m[1m^[22m[39m[31m[1m^[22m[39m[31m[1m^[22m[39m[31m[1m^[22m[39m[31m[1m^[22m[39m[31m[1m^[22m[39m[31m[1m^[22m[39m[31m[1m^[22m[39m[31m[1m^[22m[39m[31m[1m^[22m[39m[31m[1m^[22m[39m[31m[1m^[22m[39m[31m[1m^[22m[39m[31m[1m^[22m[39m[31m[1m^[22m[39m[31m[1m^[22m[39m[31m[1m^[22m[39m[31m[1m^[22m[39m[31m[1m^[22m[39m[31m[1m^[22m[39m
 [90m 10 |[39m [36mimport[39m { 
 [90m 11 |[39m   [33mDropdownMenu[39m[33m,[39m 
 [90m 12 |[39m   [33mDropdownMenuContent[39m[33m,[39m [0m

Import map: aliased to relative './scroll-area' inside of [project]/


Import traces:
  Client Component Browser:
    ./components/sections/ChatInterface.tsx [Client Component Browser]
    ./app/page.tsx [Client Component Browser]
    ./app/page.tsx [Server Component]

  Client Component SSR:
    ./components/sections/ChatInterface.tsx [Client Component SSR]
    ./app/page.tsx [Client Component SSR]
    ./app/page.tsx [Server Component]

https://nextjs.org/docs/messages/module-not-found


 ⨯ ./components/sections/ChatInterface.tsx:9:1
Module not found: Can't resolve '@/scroll-area'
[0m [90m  7 |[39m [36mimport[39m { [33mTextarea[39m } [36mfrom[39m [32m'@/components/ui/textarea'[39m
 [90m  8 |[39m [36mimport[39m { useChatStore } [36mfrom[39m [32m'@/store/useChatStore'[39m
[31m[1m>[22m[39m[90m  9 |[39m [36mimport[39m { [33mScrollArea[39m } [36mfrom[39m [32m'@/scroll-area'[39m
 [90m    |[39m [31m[1m^[22m[39m[31m[1m^[22m[39m[31m[1m^[22m[39m[31m[1m^[22m[39m[31m[1m^[22m[39m[31m[1m^[22m[39m[31m[1m^[22m[39m[31m[1m^[22m[39m[31m[1m^[22m[39m[31m[1m^[22m[39m[31m[1m^[22m[39m[31m[1m^[22m[39m[31m[1m^[22m[39m[31m[1m^[22m[39m[31m[1m^[22m[39m[31m[1m^[22m[39m[31m[1m^[22m[39m[31m[1m^[22m[39m[31m[1m^[22m[39m[31m[1m^[22m[39m[31m[1m^[22m[39m[31m[1m^[22m[39m[31m[1m^[22m[39m[31m[1m^[22m[39m[31m[1m^[22m[39m[31m[1m^[22m[39m[31m[1m^[22m[39m[31m[1m^[22m[39m[31m[1m^[22m[39m[31m[1m^[22m[39m[31m[1m^[22m[39m[31m[1m^[22m[39m[31m[1m^[22m[39m[31m[1m^[22m[39m[31m[1m^[22m[39m[31m[1m^[22m[39m[31m[1m^[22m[39m[31m[1m^[22m[39m[31m[1m^[22m[39m[31m[1m^[22m[39m[31m[1m^[22m[39m[31m[1m^[22m[39m
 [90m 10 |[39m [36mimport[39m { 
 [90m 11 |[39m   [33mDropdownMenu[39m[33m,[39m 
 [90m 12 |[39m   [33mDropdownMenuContent[39m[33m,[39m [0m

Import map: aliased to relative './scroll-area' inside of [project]/


Import traces:
  Client Component Browser:
    ./components/sections/ChatInterface.tsx [Client Component Browser]
    ./app/page.tsx [Client Component Browser]
    ./app/page.tsx [Server Component]

  Client Component SSR:
    ./components/sections/ChatInterface.tsx [Client Component SSR]
    ./app/page.tsx [Client Component SSR]
    ./app/page.tsx [Server Component]

https://nextjs.org/docs/messages/module-not-found


 ⨯ ./components/sections/ChatInterface.tsx:9:1
Module not found: Can't resolve '@/scroll-area'
[0m [90m  7 |[39m [36mimport[39m { [33mTextarea[39m } [36mfrom[39m [32m'@/components/ui/textarea'[39m
 [90m  8 |[39m [36mimport[39m { useChatStore } [36mfrom[39m [32m'@/store/useChatStore'[39m
[31m[1m>[22m[39m[90m  9 |[39m [36mimport[39m { [33mScrollArea[39m } [36mfrom[39m [32m'@/scroll-area'[39m
 [90m    |[39m [31m[1m^[22m[39m[31m[1m^[22m[39m[31m[1m^[22m[39m[31m[1m^[22m[39m[31m[1m^[22m[39m[31m[1m^[22m[39m[31m[1m^[22m[39m[31m[1m^[22m[39m[31m[1m^[22m[39m[31m[1m^[22m[39m[31m[1m^[22m[39m[31m[1m^[22m[39m[31m[1m^[22m[39m[31m[1m^[22m[39m[31m[1m^[22m[39m[31m[1m^[22m[39m[31m[1m^[22m[39m[31m[1m^[22m[39m[31m[1m^[22m[39m[31m[1m^[22m[39m[31m[1m^[22m[39m[31m[1m^[22m[39m[31m[1m^[22m[39m[31m[1m^[22m[39m[31m[1m^[22m[39m[31m[1m^[22m[39m[31m[1m^[22m[39m[31m[1m^[22m[39m[31m[1m^[22m[39m[31m[1m^[22m[39m[31m[1m^[22m[39m[31m[1m^[22m[39m[31m[1m^[22m[39m[31m[1m^[22m[39m[31m[1m^[22m[39m[31m[1m^[22m[39m[31m[1m^[22m[39m[31m[1m^[22m[39m[31m[1m^[22m[39m[31m[1m^[22m[39m[31m[1m^[22m[39m[31m[1m^[22m[39m
 [90m 10 |[39m [36mimport[39m { 
 [90m 11 |[39m   [33mDropdownMenu[39m[33m,[39m 
 [90m 12 |[39m   [33mDropdownMenuContent[39m[33m,[39m [0m

Import map: aliased to relative './scroll-area' inside of [project]/


Import traces:
  Client Component Browser:
    ./components/sections/ChatInterface.tsx [Client Component Browser]
    ./app/page.tsx [Client Component Browser]
    ./app/page.tsx [Server Component]

  Client Component SSR:
    ./components/sections/ChatInterface.tsx [Client Component SSR]
    ./app/page.tsx [Client Component SSR]
    ./app/page.tsx [Server Component]

https://nextjs.org/docs/messages/module-not-found


 ⨯ ./components/sections/ChatInterface.tsx:9:1
Module not found: Can't resolve '@/scroll-area'
[0m [90m  7 |[39m [36mimport[39m { [33mTextarea[39m } [36mfrom[39m [32m'@/components/ui/textarea'[39m
 [90m  8 |[39m [36mimport[39m { useChatStore } [36mfrom[39m [32m'@/store/useChatStore'[39m
[31m[1m>[22m[39m[90m  9 |[39m [36mimport[39m { [33mScrollArea[39m } [36mfrom[39m [32m'@/scroll-area'[39m
 [90m    |[39m [31m[1m^[22m[39m[31m[1m^[22m[39m[31m[1m^[22m[39m[31m[1m^[22m[39m[31m[1m^[22m[39m[31m[1m^[22m[39m[31m[1m^[22m[39m[31m[1m^[22m[39m[31m[1m^[22m[39m[31m[1m^[22m[39m[31m[1m^[22m[39m[31m[1m^[22m[39m[31m[1m^[22m[39m[31m[1m^[22m[39m[31m[1m^[22m[39m[31m[1m^[22m[39m[31m[1m^[22m[39m[31m[1m^[22m[39m[31m[1m^[22m[39m[31m[1m^[22m[39m[31m[1m^[22m[39m[31m[1m^[22m[39m[31m[1m^[22m[39m[31m[1m^[22m[39m[31m[1m^[22m[39m[31m[1m^[22m[39m[31m[1m^[22m[39m[31m[1m^[22m[39m[31m[1m^[22m[39m[31m[1m^[22m[39m[31m[1m^[22m[39m[31m[1m^[22m[39m[31m[1m^[22m[39m[31m[1m^[22m[39m[31m[1m^[22m[39m[31m[1m^[22m[39m[31m[1m^[22m[39m[31m[1m^[22m[39m[31m[1m^[22m[39m[31m[1m^[22m[39m[31m[1m^[22m[39m[31m[1m^[22m[39m
 [90m 10 |[39m [36mimport[39m { 
 [90m 11 |[39m   [33mDropdownMenu[39m[33m,[39m 
 [90m 12 |[39m   [33mDropdownMenuContent[39m[33m,[39m [0m

Import map: aliased to relative './scroll-area' inside of [project]/


Import traces:
  Client Component Browser:
    ./components/sections/ChatInterface.tsx [Client Component Browser]
    ./app/page.tsx [Client Component Browser]
    ./app/page.tsx [Server Component]

  Client Component SSR:
    ./components/sections/ChatInterface.tsx [Client Component SSR]
    ./app/page.tsx [Client Component SSR]
    ./app/page.tsx [Server Component]

https://nextjs.org/docs/messages/module-not-found


 ⨯ ./components/sections/ChatInterface.tsx:9:1
Module not found: Can't resolve '@/scroll-area'
[0m [90m  7 |[39m [36mimport[39m { [33mTextarea[39m } [36mfrom[39m [32m'@/components/ui/textarea'[39m
 [90m  8 |[39m [36mimport[39m { useChatStore } [36mfrom[39m [32m'@/store/useChatStore'[39m
[31m[1m>[22m[39m[90m  9 |[39m [36mimport[39m { [33mScrollArea[39m } [36mfrom[39m [32m'@/scroll-area'[39m
 [90m    |[39m [31m[1m^[22m[39m[31m[1m^[22m[39m[31m[1m^[22m[39m[31m[1m^[22m[39m[31m[1m^[22m[39m[31m[1m^[22m[39m[31m[1m^[22m[39m[31m[1m^[22m[39m[31m[1m^[22m[39m[31m[1m^[22m[39m[31m[1m^[22m[39m[31m[1m^[22m[39m[31m[1m^[22m[39m[31m[1m^[22m[39m[31m[1m^[22m[39m[31m[1m^[22m[39m[31m[1m^[22m[39m[31m[1m^[22m[39m[31m[1m^[22m[39m[31m[1m^[22m[39m[31m[1m^[22m[39m[31m[1m^[22m[39m[31m[1m^[22m[39m[31m[1m^[22m[39m[31m[1m^[22m[39m[31m[1m^[22m[39m[31m[1m^[22m[39m[31m[1m^[22m[39m[31m[1m^[22m[39m[31m[1m^[22m[39m[31m[1m^[22m[39m[31m[1m^[22m[39m[31m[1m^[22m[39m[31m[1m^[22m[39m[31m[1m^[22m[39m[31m[1m^[22m[39m[31m[1m^[22m[39m[31m[1m^[22m[39m[31m[1m^[22m[39m[31m[1m^[22m[39m[31m[1m^[22m[39m[31m[1m^[22m[39m
 [90m 10 |[39m [36mimport[39m { 
 [90m 11 |[39m   [33mDropdownMenu[39m[33m,[39m 
 [90m 12 |[39m   [33mDropdownMenuContent[39m[33m,[39m [0m

Import map: aliased to relative './scroll-area' inside of [project]/


Import traces:
  Client Component Browser:
    ./components/sections/ChatInterface.tsx [Client Component Browser]
    ./app/page.tsx [Client Component Browser]
    ./app/page.tsx [Server Component]

  Client Component SSR:
    ./components/sections/ChatInterface.tsx [Client Component SSR]
    ./app/page.tsx [Client Component SSR]
    ./app/page.tsx [Server Component]

https://nextjs.org/docs/messages/module-not-found


 ⨯ ./components/sections/ChatInterface.tsx:9:1
Module not found: Can't resolve '@/scroll-area'
[0m [90m  7 |[39m [36mimport[39m { [33mTextarea[39m } [36mfrom[39m [32m'@/components/ui/textarea'[39m
 [90m  8 |[39m [36mimport[39m { useChatStore } [36mfrom[39m [32m'@/store/useChatStore'[39m
[31m[1m>[22m[39m[90m  9 |[39m [36mimport[39m { [33mScrollArea[39m } [36mfrom[39m [32m'@/scroll-area'[39m
 [90m    |[39m [31m[1m^[22m[39m[31m[1m^[22m[39m[31m[1m^[22m[39m[31m[1m^[22m[39m[31m[1m^[22m[39m[31m[1m^[22m[39m[31m[1m^[22m[39m[31m[1m^[22m[39m[31m[1m^[22m[39m[31m[1m^[22m[39m[31m[1m^[22m[39m[31m[1m^[22m[39m[31m[1m^[22m[39m[31m[1m^[22m[39m[31m[1m^[22m[39m[31m[1m^[22m[39m[31m[1m^[22m[39m[31m[1m^[22m[39m[31m[1m^[22m[39m[31m[1m^[22m[39m[31m[1m^[22m[39m[31m[1m^[22m[39m[31m[1m^[22m[39m[31m[1m^[22m[39m[31m[1m^[22m[39m[31m[1m^[22m[39m[31m[1m^[22m[39m[31m[1m^[22m[39m[31m[1m^[22m[39m[31m[1m^[22m[39m[31m[1m^[22m[39m[31m[1m^[22m[39m[31m[1m^[22m[39m[31m[1m^[22m[39m[31m[1m^[22m[39m[31m[1m^[22m[39m[31m[1m^[22m[39m[31m[1m^[22m[39m[31m[1m^[22m[39m[31m[1m^[22m[39m[31m[1m^[22m[39m[31m[1m^[22m[39m
 [90m 10 |[39m [36mimport[39m { 
 [90m 11 |[39m   [33mDropdownMenu[39m[33m,[39m 
 [90m 12 |[39m   [33mDropdownMenuContent[39m[33m,[39m [0m

Import map: aliased to relative './scroll-area' inside of [project]/


Import traces:
  Client Component Browser:
    ./components/sections/ChatInterface.tsx [Client Component Browser]
    ./app/page.tsx [Client Component Browser]
    ./app/page.tsx [Server Component]

  Client Component SSR:
    ./components/sections/ChatInterface.tsx [Client Component SSR]
    ./app/page.tsx [Client Component SSR]
    ./app/page.tsx [Server Component]

https://nextjs.org/docs/messages/module-not-found


 ⨯ ./components/sections/ChatInterface.tsx:9:1
Module not found: Can't resolve '@/scroll-area'
[0m [90m  7 |[39m [36mimport[39m { [33mTextarea[39m } [36mfrom[39m [32m'@/components/ui/textarea'[39m
 [90m  8 |[39m [36mimport[39m { useChatStore } [36mfrom[39m [32m'@/store/useChatStore'[39m
[31m[1m>[22m[39m[90m  9 |[39m [36mimport[39m { [33mScrollArea[39m } [36mfrom[39m [32m'@/scroll-area'[39m
 [90m    |[39m [31m[1m^[22m[39m[31m[1m^[22m[39m[31m[1m^[22m[39m[31m[1m^[22m[39m[31m[1m^[22m[39m[31m[1m^[22m[39m[31m[1m^[22m[39m[31m[1m^[22m[39m[31m[1m^[22m[39m[31m[1m^[22m[39m[31m[1m^[22m[39m[31m[1m^[22m[39m[31m[1m^[22m[39m[31m[1m^[22m[39m[31m[1m^[22m[39m[31m[1m^[22m[39m[31m[1m^[22m[39m[31m[1m^[22m[39m[31m[1m^[22m[39m[31m[1m^[22m[39m[31m[1m^[22m[39m[31m[1m^[22m[39m[31m[1m^[22m[39m[31m[1m^[22m[39m[31m[1m^[22m[39m[31m[1m^[22m[39m[31m[1m^[22m[39m[31m[1m^[22m[39m[31m[1m^[22m[39m[31m[1m^[22m[39m[31m[1m^[22m[39m[31m[1m^[22m[39m[31m[1m^[22m[39m[31m[1m^[22m[39m[31m[1m^[22m[39m[31m[1m^[22m[39m[31m[1m^[22m[39m[31m[1m^[22m[39m[31m[1m^[22m[39m[31m[1m^[22m[39m[31m[1m^[22m[39m[31m[1m^[22m[39m
 [90m 10 |[39m [36mimport[39m { 
 [90m 11 |[39m   [33mDropdownMenu[39m[33m,[39m 
 [90m 12 |[39m   [33mDropdownMenuContent[39m[33m,[39m [0m

Import map: aliased to relative './scroll-area' inside of [project]/


Import traces:
  Client Component Browser:
    ./components/sections/ChatInterface.tsx [Client Component Browser]
    ./app/page.tsx [Client Component Browser]
    ./app/page.tsx [Server Component]

  Client Component SSR:
    ./components/sections/ChatInterface.tsx [Client Component SSR]
    ./app/page.tsx [Client Component SSR]
    ./app/page.tsx [Server Component]

https://nextjs.org/docs/messages/module-not-found


 ⨯ ./components/sections/ChatInterface.tsx:9:1
Module not found: Can't resolve '@/scroll-area'
[0m [90m  7 |[39m [36mimport[39m { [33mTextarea[39m } [36mfrom[39m [32m'@/components/ui/textarea'[39m
 [90m  8 |[39m [36mimport[39m { useChatStore } [36mfrom[39m [32m'@/store/useChatStore'[39m
[31m[1m>[22m[39m[90m  9 |[39m [36mimport[39m { [33mScrollArea[39m } [36mfrom[39m [32m'@/scroll-area'[39m
 [90m    |[39m [31m[1m^[22m[39m[31m[1m^[22m[39m[31m[1m^[22m[39m[31m[1m^[22m[39m[31m[1m^[22m[39m[31m[1m^[22m[39m[31m[1m^[22m[39m[31m[1m^[22m[39m[31m[1m^[22m[39m[31m[1m^[22m[39m[31m[1m^[22m[39m[31m[1m^[22m[39m[31m[1m^[22m[39m[31m[1m^[22m[39m[31m[1m^[22m[39m[31m[1m^[22m[39m[31m[1m^[22m[39m[31m[1m^[22m[39m[31m[1m^[22m[39m[31m[1m^[22m[39m[31m[1m^[22m[39m[31m[1m^[22m[39m[31m[1m^[22m[39m[31m[1m^[22m[39m[31m[1m^[22m[39m[31m[1m^[22m[39m[31m[1m^[22m[39m[31m[1m^[22m[39m[31m[1m^[22m[39m[31m[1m^[22m[39m[31m[1m^[22m[39m[31m[1m^[22m[39m[31m[1m^[22m[39m[31m[1m^[22m[39m[31m[1m^[22m[39m[31m[1m^[22m[39m[31m[1m^[22m[39m[31m[1m^[22m[39m[31m[1m^[22m[39m[31m[1m^[22m[39m[31m[1m^[22m[39m[31m[1m^[22m[39m
 [90m 10 |[39m [36mimport[39m { 
 [90m 11 |[39m   [33mDropdownMenu[39m[33m,[39m 
 [90m 12 |[39m   [33mDropdownMenuContent[39m[33m,[39m [0m

Import map: aliased to relative './scroll-area' inside of [project]/


Import traces:
  Client Component Browser:
    ./components/sections/ChatInterface.tsx [Client Component Browser]
    ./app/page.tsx [Client Component Browser]
    ./app/page.tsx [Server Component]

  Client Component SSR:
    ./components/sections/ChatInterface.tsx [Client Component SSR]
    ./app/page.tsx [Client Component SSR]
    ./app/page.tsx [Server Component]

https://nextjs.org/docs/messages/module-not-found


 ⨯ ./components/sections/ChatInterface.tsx:9:1
Module not found: Can't resolve '@/scroll-area'
[0m [90m  7 |[39m [36mimport[39m { [33mTextarea[39m } [36mfrom[39m [32m'@/components/ui/textarea'[39m
 [90m  8 |[39m [36mimport[39m { useChatStore } [36mfrom[39m [32m'@/store/useChatStore'[39m
[31m[1m>[22m[39m[90m  9 |[39m [36mimport[39m { [33mScrollArea[39m } [36mfrom[39m [32m'@/scroll-area'[39m
 [90m    |[39m [31m[1m^[22m[39m[31m[1m^[22m[39m[31m[1m^[22m[39m[31m[1m^[22m[39m[31m[1m^[22m[39m[31m[1m^[22m[39m[31m[1m^[22m[39m[31m[1m^[22m[39m[31m[1m^[22m[39m[31m[1m^[22m[39m[31m[1m^[22m[39m[31m[1m^[22m[39m[31m[1m^[22m[39m[31m[1m^[22m[39m[31m[1m^[22m[39m[31m[1m^[22m[39m[31m[1m^[22m[39m[31m[1m^[22m[39m[31m[1m^[22m[39m[31m[1m^[22m[39m[31m[1m^[22m[39m[31m[1m^[22m[39m[31m[1m^[22m[39m[31m[1m^[22m[39m[31m[1m^[22m[39m[31m[1m^[22m[39m[31m[1m^[22m[39m[31m[1m^[22m[39m[31m[1m^[22m[39m[31m[1m^[22m[39m[31m[1m^[22m[39m[31m[1m^[22m[39m[31m[1m^[22m[39m[31m[1m^[22m[39m[31m[1m^[22m[39m[31m[1m^[22m[39m[31m[1m^[22m[39m[31m[1m^[22m[39m[31m[1m^[22m[39m[31m[1m^[22m[39m[31m[1m^[22m[39m[31m[1m^[22m[39m
 [90m 10 |[39m [36mimport[39m { 
 [90m 11 |[39m   [33mDropdownMenu[39m[33m,[39m 
 [90m 12 |[39m   [33mDropdownMenuContent[39m[33m,[39m [0m

Import map: aliased to relative './scroll-area' inside of [project]/


Import traces:
  Client Component Browser:
    ./components/sections/ChatInterface.tsx [Client Component Browser]
    ./app/page.tsx [Client Component Browser]
    ./app/page.tsx [Server Component]

  Client Component SSR:
    ./components/sections/ChatInterface.tsx [Client Component SSR]
    ./app/page.tsx [Client Component SSR]
    ./app/page.tsx [Server Component]

https://nextjs.org/docs/messages/module-not-found


 ⨯ ./components/sections/ChatInterface.tsx:9:1
Module not found: Can't resolve '@/scroll-area'
[0m [90m  7 |[39m [36mimport[39m { [33mTextarea[39m } [36mfrom[39m [32m'@/components/ui/textarea'[39m
 [90m  8 |[39m [36mimport[39m { useChatStore } [36mfrom[39m [32m'@/store/useChatStore'[39m
[31m[1m>[22m[39m[90m  9 |[39m [36mimport[39m { [33mScrollArea[39m } [36mfrom[39m [32m'@/scroll-area'[39m
 [90m    |[39m [31m[1m^[22m[39m[31m[1m^[22m[39m[31m[1m^[22m[39m[31m[1m^[22m[39m[31m[1m^[22m[39m[31m[1m^[22m[39m[31m[1m^[22m[39m[31m[1m^[22m[39m[31m[1m^[22m[39m[31m[1m^[22m[39m[31m[1m^[22m[39m[31m[1m^[22m[39m[31m[1m^[22m[39m[31m[1m^[22m[39m[31m[1m^[22m[39m[31m[1m^[22m[39m[31m[1m^[22m[39m[31m[1m^[22m[39m[31m[1m^[22m[39m[31m[1m^[22m[39m[31m[1m^[22m[39m[31m[1m^[22m[39m[31m[1m^[22m[39m[31m[1m^[22m[39m[31m[1m^[22m[39m[31m[1m^[22m[39m[31m[1m^[22m[39m[31m[1m^[22m[39m[31m[1m^[22m[39m[31m[1m^[22m[39m[31m[1m^[22m[39m[31m[1m^[22m[39m[31m[1m^[22m[39m[31m[1m^[22m[39m[31m[1m^[22m[39m[31m[1m^[22m[39m[31m[1m^[22m[39m[31m[1m^[22m[39m[31m[1m^[22m[39m[31m[1m^[22m[39m[31m[1m^[22m[39m[31m[1m^[22m[39m
 [90m 10 |[39m [36mimport[39m { 
 [90m 11 |[39m   [33mDropdownMenu[39m[33m,[39m 
 [90m 12 |[39m   [33mDropdownMenuContent[39m[33m,[39m [0m

Import map: aliased to relative './scroll-area' inside of [project]/


Import traces:
  Client Component Browser:
    ./components/sections/ChatInterface.tsx [Client Component Browser]
    ./app/page.tsx [Client Component Browser]
    ./app/page.tsx [Server Component]

  Client Component SSR:
    ./components/sections/ChatInterface.tsx [Client Component SSR]
    ./app/page.tsx [Client Component SSR]
    ./app/page.tsx [Server Component]

https://nextjs.org/docs/messages/module-not-found


 ⨯ ./components/sections/ChatInterface.tsx:9:1
Module not found: Can't resolve '@/scroll-area'
[0m [90m  7 |[39m [36mimport[39m { [33mTextarea[39m } [36mfrom[39m [32m'@/components/ui/textarea'[39m
 [90m  8 |[39m [36mimport[39m { useChatStore } [36mfrom[39m [32m'@/store/useChatStore'[39m
[31m[1m>[22m[39m[90m  9 |[39m [36mimport[39m { [33mScrollArea[39m } [36mfrom[39m [32m'@/scroll-area'[39m
 [90m    |[39m [31m[1m^[22m[39m[31m[1m^[22m[39m[31m[1m^[22m[39m[31m[1m^[22m[39m[31m[1m^[22m[39m[31m[1m^[22m[39m[31m[1m^[22m[39m[31m[1m^[22m[39m[31m[1m^[22m[39m[31m[1m^[22m[39m[31m[1m^[22m[39m[31m[1m^[22m[39m[31m[1m^[22m[39m[31m[1m^[22m[39m[31m[1m^[22m[39m[31m[1m^[22m[39m[31m[1m^[22m[39m[31m[1m^[22m[39m[31m[1m^[22m[39m[31m[1m^[22m[39m[31m[1m^[22m[39m[31m[1m^[22m[39m[31m[1m^[22m[39m[31m[1m^[22m[39m[31m[1m^[22m[39m[31m[1m^[22m[39m[31m[1m^[22m[39m[31m[1m^[22m[39m[31m[1m^[22m[39m[31m[1m^[22m[39m[31m[1m^[22m[39m[31m[1m^[22m[39m[31m[1m^[22m[39m[31m[1m^[22m[39m[31m[1m^[22m[39m[31m[1m^[22m[39m[31m[1m^[22m[39m[31m[1m^[22m[39m[31m[1m^[22m[39m[31m[1m^[22m[39m[31m[1m^[22m[39m[31m[1m^[22m[39m
 [90m 10 |[39m [36mimport[39m { 
 [90m 11 |[39m   [33mDropdownMenu[39m[33m,[39m 
 [90m 12 |[39m   [33mDropdownMenuContent[39m[33m,[39m [0m

Import map: aliased to relative './scroll-area' inside of [project]/


Import traces:
  Client Component Browser:
    ./components/sections/ChatInterface.tsx [Client Component Browser]
    ./app/page.tsx [Client Component Browser]
    ./app/page.tsx [Server Component]

  Client Component SSR:
    ./components/sections/ChatInterface.tsx [Client Component SSR]
    ./app/page.tsx [Client Component SSR]
    ./app/page.tsx [Server Component]

https://nextjs.org/docs/messages/module-not-found


 ✓ Compiled in 355ms
 ✓ Compiled in 132ms
 ✓ Compiled / in 53ms
 GET / 200 in 222ms
 ⚠ Found a change in next.config.ts. Restarting the server to apply the changes...
   ▲ Next.js 15.5.6 (Turbopack)
   - Local:        http://localhost:3000
   - Network:      http://169.254.0.21:3000
   - Environments: .env

 ✓ Starting...
 ✓ Ready in 2.5s
 ⚠ Webpack is configured while Turbopack is not, which may cause problems.
 ⚠ See instructions if you need to configure Turbopack:
  https://nextjs.org/docs/app/api-reference/next-config-js/turbopack

 ○ Compiling / ...
 ✓ Compiled / in 8.2s
 GET / 200 in 9022ms
 ⚠ Cross origin request detected from fluffy-beans-beam.lindy.site to /_next/* resource. In a future major version of Next.js, you will need to explicitly configure "allowedDevOrigins" in next.config to allow this.
Read more: https://nextjs.org/docs/app/api-reference/config/next-config-js/allowedDevOrigins
 ✓ Compiled in 372ms
 ✓ Compiled in 333ms
 ✓ Compiled in 231ms
 ✓ Compiled in 181ms
 ✓ Compiled / in 78ms
 GET / 200 in 221ms
 ✓ Compiled in 168ms
 ✓ Compiled in 222ms
 ✓ Compiled in 192ms
 ✓ Compiled in 187ms
 ✓ Compiled in 263ms
 ⨯ ./components/sections/SettingsScreen.tsx:2:1
Ecmascript file had an error
[0m [90m 1 |[39m [36mimport[39m { [33mScrollArea[39m } [36mfrom[39m [32m"@/components/ui/scroll-area"[39m
[31m[1m>[22m[39m[90m 2 |[39m [32m'use client'[39m
 [90m   |[39m [31m[1m^[22m[39m[31m[1m^[22m[39m[31m[1m^[22m[39m[31m[1m^[22m[39m[31m[1m^[22m[39m[31m[1m^[22m[39m[31m[1m^[22m[39m[31m[1m^[22m[39m[31m[1m^[22m[39m[31m[1m^[22m[39m[31m[1m^[22m[39m[31m[1m^[22m[39m
 [90m 3 |[39m
 [90m 4 |[39m [36mimport[39m { motion } [36mfrom[39m [32m'framer-motion'[39m
 [90m 5 |[39m [36mimport[39m { [33mMoon[39m[33m,[39m [33mSun[39m[33m,[39m [33mType[39m[33m,[39m [33mBrain[39m[33m,[39m [33mShield[39m[33m,[39m [33mInfo[39m[33m,[39m [33mLogOut[39m[33m,[39m [33mDownload[39m[33m,[39m [33mChevronRight[39m } [36mfrom[39m [32m'lucide-react'[39m[0m

The "use client" directive must be placed before other expressions. Move it to the top of the file to resolve this issue.

Import traces:
  Client Component Browser:
    ./components/sections/SettingsScreen.tsx [Client Component Browser]
    ./app/page.tsx [Client Component Browser]
    ./app/page.tsx [Server Component]

  Client Component SSR:
    ./components/sections/SettingsScreen.tsx [Client Component SSR]
    ./app/page.tsx [Client Component SSR]
    ./app/page.tsx [Server Component]


 ○ Compiling /_error ...
 ✓ Compiled /_error in 2.4s
 GET / 500 in 2728ms
 ○ Compiling /favicon.ico ...
 ✓ Compiled /favicon.ico in 673ms
 GET /favicon.ico 500 in 718ms
 ✓ Compiled in 182ms
 ⚠ Fast Refresh had to perform a full reload due to a runtime error.
 ✓ Compiled / in 51ms
 GET / 200 in 500ms
 GET / 200 in 235ms
 GET /favicon.ico?favicon.bf3c9292.ico 200 in 456ms
 GET / 200 in 376ms
 GET / 200 in 462ms
 GET / 200 in 176ms
 GET /favicon.ico?favicon.bf3c9292.ico 200 in 283ms
 GET / 200 in 281ms
 GET / 200 in 277ms
 GET / 200 in 732ms
 GET / 200 in 267ms
 ✓ Compiled in 126ms
 ✓ Compiled in 161ms
 ✓ Compiled in 150ms
 ⨯ ./app/layout.tsx:1:32
Parsing ecmascript source code failed
[0m[31m[1m>[22m[39m[90m 1 |[39m [36mimport[39m type { [33mMetadata[39m } [36mfrom[39m [37m[41m[1m\[22m[49m[39m[32m"next\";[39m
 [90m   |[39m                                [31m[1m^[22m[39m[31m[1m^[22m[39m[31m[1m^[22m[39m[31m[1m^[22m[39m[31m[1m^[22m[39m[31m[1m^[22m[39m[31m[1m^[22m[39m[31m[1m^[22m[39m
 [90m 2 |[39m [36mimport[39m { [33mInter[39m } [36mfrom[39m [37m[41m[1m\[22m[49m[39m[32m"next/font/google\";[39m
 [90m 3 |[39m [36mimport[39m [37m[41m[1m\[22m[49m[39m[32m"./globals.css\";[39m
 [90m 4 |[39m [36mimport[39m { [33mProviders[39m } [36mfrom[39m [37m[41m[1m\[22m[49m[39m[32m"@/components/providers\";[39m[0m

Unterminated string constant



./components/sections/SettingsScreen.tsx:43:21
Parsing ecmascript source code failed
[0m [90m 41 |[39m
 [90m 42 |[39m   [36mreturn[39m (
[31m[1m>[22m[39m[90m 43 |[39m     [33m<[39m[33mdiv[39m className[33m=[39m[37m[41m[1m\[22m[49m[39m[32m"flex flex-col h-screen bg-background p-6\">[39m
 [90m    |[39m                     [31m[1m^[22m[39m[31m[1m^[22m[39m[31m[1m^[22m[39m[31m[1m^[22m[39m[31m[1m^[22m[39m[31m[1m^[22m[39m[31m[1m^[22m[39m[31m[1m^[22m[39m[31m[1m^[22m[39m[31m[1m^[22m[39m[31m[1m^[22m[39m[31m[1m^[22m[39m[31m[1m^[22m[39m[31m[1m^[22m[39m[31m[1m^[22m[39m[31m[1m^[22m[39m[31m[1m^[22m[39m[31m[1m^[22m[39m[31m[1m^[22m[39m[31m[1m^[22m[39m[31m[1m^[22m[39m[31m[1m^[22m[39m[31m[1m^[22m[39m[31m[1m^[22m[39m[31m[1m^[22m[39m[31m[1m^[22m[39m[31m[1m^[22m[39m[31m[1m^[22m[39m[31m[1m^[22m[39m[31m[1m^[22m[39m[31m[1m^[22m[39m[31m[1m^[22m[39m[31m[1m^[22m[39m[31m[1m^[22m[39m[31m[1m^[22m[39m[31m[1m^[22m[39m[31m[1m^[22m[39m[31m[1m^[22m[39m[31m[1m^[22m[39m[31m[1m^[22m[39m[31m[1m^[22m[39m[31m[1m^[22m[39m[31m[1m^[22m[39m[31m[1m^[22m[39m
 [90m 44 |[39m       [33m<[39m[33mheader[39m className[33m=[39m[37m[41m[1m\[22m[49m[39m[32m"mb-10\">[39m
 [90m 45 |[39m         [33m<[39m[33mh1[39m className[33m=[39m[37m[41m[1m\[22m[49m[39m[32m"text-3xl font-black tracking-tight text-foreground mb-2\">App <span className=\"text-primary\">Settings</span></h1>[39m
 [90m 46 |[39m         [33m<[39m[33mp[39m className[33m=[39m[37m[41m[1m\[22m[49m[39m[32m"text-muted-foreground text-sm font-medium\">Personalize your Nelson-GPT experience</p>[39m[0m

Unterminated string constant

Import traces:
  Client Component Browser:
    ./components/sections/SettingsScreen.tsx [Client Component Browser]
    ./app/page.tsx [Client Component Browser]
    ./app/page.tsx [Server Component]

  Client Component SSR:
    ./components/sections/SettingsScreen.tsx [Client Component SSR]
    ./app/page.tsx [Client Component SSR]
    ./app/page.tsx [Server Component]


 GET / 500 in 178ms
 GET /favicon.ico 500 in 79ms
 ✓ Compiled in 739ms
 ✓ Compiled in 342ms
 ⚠ Fast Refresh had to perform a full reload due to a runtime error.
 ✓ Compiled / in 45ms
 GET / 200 in 704ms
 GET / 200 in 133ms
 GET /favicon.ico?favicon.bf3c9292.ico 200 in 304ms
 GET / 200 in 180ms
 GET / 200 in 224ms
